ARM GAS  E:\msys32\tmp\ccxCTSzh.s 			page 1


   1              		.cpu cortex-m4
   2              		.eabi_attribute 27, 1
   3              		.eabi_attribute 28, 1
   4              		.eabi_attribute 20, 1
   5              		.eabi_attribute 21, 1
   6              		.eabi_attribute 23, 3
   7              		.eabi_attribute 24, 1
   8              		.eabi_attribute 25, 1
   9              		.eabi_attribute 26, 1
  10              		.eabi_attribute 30, 1
  11              		.eabi_attribute 34, 1
  12              		.eabi_attribute 18, 4
  13              		.file	"main.c"
  14              		.text
  15              	.Ltext0:
  16              		.cfi_sections	.debug_frame
  17              		.section	.text.delay,"ax",%progbits
  18              		.align	1
  19              		.global	delay
  20              		.syntax unified
  21              		.thumb
  22              		.thumb_func
  23              		.fpu fpv4-sp-d16
  25              	delay:
  26              	.LFB0:
  27              		.file 1 "Src/main.c"
   1:Src/main.c    **** #include "project.h"
   2:Src/main.c    **** 
   3:Src/main.c    **** 
   4:Src/main.c    **** char times = 0;
   5:Src/main.c    **** 
   6:Src/main.c    **** void delay( u32_t timeout){
  28              		.loc 1 6 0
  29              		.cfi_startproc
  30              		@ args = 0, pretend = 0, frame = 0
  31              		@ frame_needed = 0, uses_anonymous_args = 0
  32              		@ link register save eliminated.
  33              	.LVL0:
   7:Src/main.c    **** 	
   8:Src/main.c    **** 	u32_t t1 , t2;
   9:Src/main.c    **** 	for( t1 = 0 ; t1 < timeout ; t1 ++)
  34              		.loc 1 9 0
  35 0000 0021     		movs	r1, #0
  36 0002 06E0     		b	.L2
  37              	.LVL1:
  38              	.L3:
  10:Src/main.c    **** 		for( t2 = 0 ; t2 < 0xFFF ; t2 ++)
  11:Src/main.c    **** 			asm(" nop");
  39              		.loc 1 11 0 discriminator 3
  40              		.syntax unified
  41              	@ 11 "Src/main.c" 1
  42 0004 00BF     		 nop
  43              	@ 0 "" 2
  10:Src/main.c    **** 		for( t2 = 0 ; t2 < 0xFFF ; t2 ++)
  44              		.loc 1 10 0 discriminator 3
  45              		.thumb
  46              		.syntax unified
ARM GAS  E:\msys32\tmp\ccxCTSzh.s 			page 2


  47 0006 0133     		adds	r3, r3, #1
  48              	.LVL2:
  49              	.L4:
  10:Src/main.c    **** 		for( t2 = 0 ; t2 < 0xFFF ; t2 ++)
  50              		.loc 1 10 0 is_stmt 0 discriminator 1
  51 0008 40F6FE72 		movw	r2, #4094
  52 000c 9342     		cmp	r3, r2
  53 000e F9D9     		bls	.L3
   9:Src/main.c    **** 		for( t2 = 0 ; t2 < 0xFFF ; t2 ++)
  54              		.loc 1 9 0 is_stmt 1 discriminator 2
  55 0010 0131     		adds	r1, r1, #1
  56              	.LVL3:
  57              	.L2:
   9:Src/main.c    **** 		for( t2 = 0 ; t2 < 0xFFF ; t2 ++)
  58              		.loc 1 9 0 is_stmt 0 discriminator 1
  59 0012 8142     		cmp	r1, r0
  60 0014 01D2     		bcs	.L6
  10:Src/main.c    **** 		for( t2 = 0 ; t2 < 0xFFF ; t2 ++)
  61              		.loc 1 10 0 is_stmt 1
  62 0016 0023     		movs	r3, #0
  63 0018 F6E7     		b	.L4
  64              	.L6:
  12:Src/main.c    **** 
  13:Src/main.c    **** }
  65              		.loc 1 13 0
  66 001a 7047     		bx	lr
  67              		.cfi_endproc
  68              	.LFE0:
  70              		.section	.text.config_pin,"ax",%progbits
  71              		.align	1
  72              		.global	config_pin
  73              		.syntax unified
  74              		.thumb
  75              		.thumb_func
  76              		.fpu fpv4-sp-d16
  78              	config_pin:
  79              	.LFB1:
  14:Src/main.c    **** //clock setup 100mhz for processor
  15:Src/main.c    **** void config_pin(){
  80              		.loc 1 15 0
  81              		.cfi_startproc
  82              		@ args = 0, pretend = 0, frame = 24
  83              		@ frame_needed = 0, uses_anonymous_args = 0
  84 0000 00B5     		push	{lr}
  85              	.LCFI0:
  86              		.cfi_def_cfa_offset 4
  87              		.cfi_offset 14, -4
  88 0002 87B0     		sub	sp, sp, #28
  89              	.LCFI1:
  90              		.cfi_def_cfa_offset 32
  16:Src/main.c    **** 	mGPIO_TypeDef GPIO_Init;
  17:Src/main.c    **** 	GPIO_Init.mpin  =  GPIO_PIN(12)| GPIO_PIN(13) | GPIO_PIN(14) | GPIO_PIN(15);
  91              		.loc 1 17 0
  92 0004 4FF47043 		mov	r3, #61440
  93 0008 0093     		str	r3, [sp]
  18:Src/main.c    **** 	GPIO_Init.moder = GPIO_MODER_OUTPUT;
  94              		.loc 1 18 0
ARM GAS  E:\msys32\tmp\ccxCTSzh.s 			page 3


  95 000a 0123     		movs	r3, #1
  96 000c 0193     		str	r3, [sp, #4]
  19:Src/main.c    **** 	GPIO_Init.type = PUSH_PULL;
  97              		.loc 1 19 0
  98 000e 0023     		movs	r3, #0
  99 0010 0293     		str	r3, [sp, #8]
  20:Src/main.c    **** 	GPIO_Init.pull  = NO_PULL;
 100              		.loc 1 20 0
 101 0012 0393     		str	r3, [sp, #12]
  21:Src/main.c    **** 	GPIO_Init.speed = FAST_SPEED;
 102              		.loc 1 21 0
 103 0014 0223     		movs	r3, #2
 104 0016 0493     		str	r3, [sp, #16]
  22:Src/main.c    **** 	
  23:Src/main.c    **** 	init_pin(GPIOD , &GPIO_Init); 
 105              		.loc 1 23 0
 106 0018 6946     		mov	r1, sp
 107 001a 0348     		ldr	r0, .L9
 108 001c FFF7FEFF 		bl	init_pin
 109              	.LVL4:
  24:Src/main.c    **** }
 110              		.loc 1 24 0
 111 0020 07B0     		add	sp, sp, #28
 112              	.LCFI2:
 113              		.cfi_def_cfa_offset 4
 114              		@ sp needed
 115 0022 5DF804FB 		ldr	pc, [sp], #4
 116              	.L10:
 117 0026 00BF     		.align	2
 118              	.L9:
 119 0028 000C0240 		.word	1073875968
 120              		.cfi_endproc
 121              	.LFE1:
 123              		.section	.text.main,"ax",%progbits
 124              		.align	1
 125              		.global	main
 126              		.syntax unified
 127              		.thumb
 128              		.thumb_func
 129              		.fpu fpv4-sp-d16
 131              	main:
 132              	.LFB2:
  25:Src/main.c    **** //clock setup 100mhz for processor
  26:Src/main.c    **** int main(void)
  27:Src/main.c    **** {	//using hse
 133              		.loc 1 27 0
 134              		.cfi_startproc
 135              		@ Volatile: function does not return.
 136              		@ args = 0, pretend = 0, frame = 0
 137              		@ frame_needed = 0, uses_anonymous_args = 0
 138 0000 00B5     		push	{lr}
 139              	.LCFI3:
 140              		.cfi_def_cfa_offset 4
 141              		.cfi_offset 14, -4
 142 0002 85B0     		sub	sp, sp, #20
 143              	.LCFI4:
 144              		.cfi_def_cfa_offset 24
ARM GAS  E:\msys32\tmp\ccxCTSzh.s 			page 4


  28:Src/main.c    **** 	//void system_init( div_m, u32_t mul_n, u32_t div_p, u32_t system_source,u32_t div_ahb,u32_t div_a
  29:Src/main.c    **** 	system_init( 8, 200, PLLP_DIV4 , SRC_PLL, AHB_DIV1 ,APB_DIV2  , APB_DIV1);
 145              		.loc 1 29 0
 146 0004 0023     		movs	r3, #0
 147 0006 0293     		str	r3, [sp, #8]
 148 0008 0422     		movs	r2, #4
 149 000a 0192     		str	r2, [sp, #4]
 150 000c 0093     		str	r3, [sp]
 151 000e 0223     		movs	r3, #2
 152 0010 0122     		movs	r2, #1
 153 0012 C821     		movs	r1, #200
 154 0014 0820     		movs	r0, #8
 155 0016 FFF7FEFF 		bl	system_init
 156              	.LVL5:
  30:Src/main.c    **** 	rcc_enableclk();
 157              		.loc 1 30 0
 158 001a FFF7FEFF 		bl	rcc_enableclk
 159              	.LVL6:
  31:Src/main.c    **** 	
  32:Src/main.c    **** 	config_pin();	
 160              		.loc 1 32 0
 161 001e FFF7FEFF 		bl	config_pin
 162              	.LVL7:
  33:Src/main.c    **** 	init_interrupt();
 163              		.loc 1 33 0
 164 0022 FFF7FEFF 		bl	init_interrupt
 165              	.LVL8:
 166              	.L12:
 167 0026 FEE7     		b	.L12
 168              		.cfi_endproc
 169              	.LFE2:
 171              		.global	times
 172              		.section	.bss.times,"aw",%nobits
 175              	times:
 176 0000 00       		.space	1
 177              		.text
 178              	.Letext0:
 179              		.file 2 "Inc/main.h"
 180              		.file 3 "Inc/stm32f4xx_it.h"
 181              		.file 4 "Inc/clock.h"
 182              		.file 5 "Inc/gpio.h"
ARM GAS  E:\msys32\tmp\ccxCTSzh.s 			page 5


DEFINED SYMBOLS
                            *ABS*:00000000 main.c
E:\msys32\tmp\ccxCTSzh.s:18     .text.delay:00000000 $t
E:\msys32\tmp\ccxCTSzh.s:25     .text.delay:00000000 delay
E:\msys32\tmp\ccxCTSzh.s:71     .text.config_pin:00000000 $t
E:\msys32\tmp\ccxCTSzh.s:78     .text.config_pin:00000000 config_pin
E:\msys32\tmp\ccxCTSzh.s:119    .text.config_pin:00000028 $d
E:\msys32\tmp\ccxCTSzh.s:124    .text.main:00000000 $t
E:\msys32\tmp\ccxCTSzh.s:131    .text.main:00000000 main
E:\msys32\tmp\ccxCTSzh.s:175    .bss.times:00000000 times
E:\msys32\tmp\ccxCTSzh.s:176    .bss.times:00000000 $d

UNDEFINED SYMBOLS
init_pin
system_init
rcc_enableclk
init_interrupt
