ARM GAS  E:\msys32\tmp\ccu2bLQf.s 			page 1


   1              		.cpu cortex-m4
   2              		.eabi_attribute 27, 1
   3              		.eabi_attribute 28, 1
   4              		.eabi_attribute 20, 1
   5              		.eabi_attribute 21, 1
   6              		.eabi_attribute 23, 3
   7              		.eabi_attribute 24, 1
   8              		.eabi_attribute 25, 1
   9              		.eabi_attribute 26, 1
  10              		.eabi_attribute 30, 1
  11              		.eabi_attribute 34, 1
  12              		.eabi_attribute 18, 4
  13              		.file	"stm32f4xx_it.c"
  14              		.text
  15              	.Ltext0:
  16              		.cfi_sections	.debug_frame
  17              		.section	.text.TIM2_IRQHandler,"ax",%progbits
  18              		.align	1
  19              		.global	TIM2_IRQHandler
  20              		.syntax unified
  21              		.thumb
  22              		.thumb_func
  23              		.fpu fpv4-sp-d16
  25              	TIM2_IRQHandler:
  26              	.LFB0:
  27              		.file 1 "Src/stm32f4xx_it.c"
   1:Src/stm32f4xx_it.c **** 
   2:Src/stm32f4xx_it.c **** #include "project.h"
   3:Src/stm32f4xx_it.c **** 
   4:Src/stm32f4xx_it.c **** volatile unsigned int led_state = 0;
   5:Src/stm32f4xx_it.c **** volatile unsigned char rx_data = 0;
   6:Src/stm32f4xx_it.c **** 
   7:Src/stm32f4xx_it.c **** 
   8:Src/stm32f4xx_it.c **** 
   9:Src/stm32f4xx_it.c **** void TIM2_IRQHandler(){
  28              		.loc 1 9 0
  29              		.cfi_startproc
  30              		@ args = 0, pretend = 0, frame = 0
  31              		@ frame_needed = 0, uses_anonymous_args = 0
  32 0000 08B5     		push	{r3, lr}
  33              	.LCFI0:
  34              		.cfi_def_cfa_offset 8
  35              		.cfi_offset 3, -8
  36              		.cfi_offset 14, -4
  10:Src/stm32f4xx_it.c ****  	unsigned temp_reg;
  11:Src/stm32f4xx_it.c **** 
  12:Src/stm32f4xx_it.c **** 	GPIO_TongglePin(GPIOD , (GPIO_PIN(12) | GPIO_PIN(13)| GPIO_PIN(14) |GPIO_PIN(15) ) );
  37              		.loc 1 12 0
  38 0002 4FF47041 		mov	r1, #61440
  39 0006 0648     		ldr	r0, .L3
  40 0008 FFF7FEFF 		bl	GPIO_TongglePin
  41              	.LVL0:
  13:Src/stm32f4xx_it.c ****  // clear interrupt flag
  14:Src/stm32f4xx_it.c **** 	temp_reg = read_reg(TIM_SR(mTIM2) , ~(0x1u<<0));
  42              		.loc 1 14 0
  43 000c 054A     		ldr	r2, .L3+4
  44 000e 1368     		ldr	r3, [r2]
ARM GAS  E:\msys32\tmp\ccu2bLQf.s 			page 2


  45 0010 23F00103 		bic	r3, r3, #1
  46              	.LVL1:
  15:Src/stm32f4xx_it.c ****     write_reg(TIM_SR(mTIM2) , temp_reg);
  47              		.loc 1 15 0
  48 0014 1360     		str	r3, [r2]
  16:Src/stm32f4xx_it.c ****     write_reg(NVIC_ICPR , (1 << 28) );
  49              		.loc 1 16 0
  50 0016 044B     		ldr	r3, .L3+8
  51              	.LVL2:
  52 0018 4FF08052 		mov	r2, #268435456
  53              	.LVL3:
  54 001c 1A60     		str	r2, [r3]
  17:Src/stm32f4xx_it.c **** 
  18:Src/stm32f4xx_it.c **** }
  55              		.loc 1 18 0
  56 001e 08BD     		pop	{r3, pc}
  57              	.L4:
  58              		.align	2
  59              	.L3:
  60 0020 000C0240 		.word	1073875968
  61 0024 10000040 		.word	1073741840
  62 0028 80E200E0 		.word	-536812928
  63              		.cfi_endproc
  64              	.LFE0:
  66              		.section	.text.EXTI1_IRQHandler,"ax",%progbits
  67              		.align	1
  68              		.global	EXTI1_IRQHandler
  69              		.syntax unified
  70              		.thumb
  71              		.thumb_func
  72              		.fpu fpv4-sp-d16
  74              	EXTI1_IRQHandler:
  75              	.LFB1:
  19:Src/stm32f4xx_it.c **** 
  20:Src/stm32f4xx_it.c **** void EXTI1_IRQHandler(){
  76              		.loc 1 20 0
  77              		.cfi_startproc
  78              		@ args = 0, pretend = 0, frame = 0
  79              		@ frame_needed = 0, uses_anonymous_args = 0
  80 0000 08B5     		push	{r3, lr}
  81              	.LCFI1:
  82              		.cfi_def_cfa_offset 8
  83              		.cfi_offset 3, -8
  84              		.cfi_offset 14, -4
  21:Src/stm32f4xx_it.c **** 	unsigned int temp_reg;
  22:Src/stm32f4xx_it.c **** 	delay(0xfff);
  85              		.loc 1 22 0
  86 0002 40F6FF70 		movw	r0, #4095
  87 0006 FFF7FEFF 		bl	delay
  88              	.LVL4:
  23:Src/stm32f4xx_it.c **** 	 // clear interrupt flag
  24:Src/stm32f4xx_it.c **** 	temp_reg = (1 <<1) ;
  25:Src/stm32f4xx_it.c **** 	write_reg(EXTI_PR , temp_reg );
  89              		.loc 1 25 0
  90 000a 034B     		ldr	r3, .L7
  91 000c 0222     		movs	r2, #2
  92 000e 1A60     		str	r2, [r3]
ARM GAS  E:\msys32\tmp\ccu2bLQf.s 			page 3


  26:Src/stm32f4xx_it.c **** 	write_reg(NVIC_ICPR , (1 << 7) );
  93              		.loc 1 26 0
  94 0010 024B     		ldr	r3, .L7+4
  95 0012 8022     		movs	r2, #128
  96 0014 1A60     		str	r2, [r3]
  27:Src/stm32f4xx_it.c **** }
  97              		.loc 1 27 0
  98 0016 08BD     		pop	{r3, pc}
  99              	.L8:
 100              		.align	2
 101              	.L7:
 102 0018 143C0140 		.word	1073822740
 103 001c 80E200E0 		.word	-536812928
 104              		.cfi_endproc
 105              	.LFE1:
 107              		.section	.text.EXTI0_IRQHandler,"ax",%progbits
 108              		.align	1
 109              		.global	EXTI0_IRQHandler
 110              		.syntax unified
 111              		.thumb
 112              		.thumb_func
 113              		.fpu fpv4-sp-d16
 115              	EXTI0_IRQHandler:
 116              	.LFB2:
  28:Src/stm32f4xx_it.c **** void EXTI0_IRQHandler(){
 117              		.loc 1 28 0
 118              		.cfi_startproc
 119              		@ args = 0, pretend = 0, frame = 0
 120              		@ frame_needed = 0, uses_anonymous_args = 0
 121 0000 08B5     		push	{r3, lr}
 122              	.LCFI2:
 123              		.cfi_def_cfa_offset 8
 124              		.cfi_offset 3, -8
 125              		.cfi_offset 14, -4
  29:Src/stm32f4xx_it.c **** 	unsigned int temp_reg;
  30:Src/stm32f4xx_it.c **** 	
  31:Src/stm32f4xx_it.c **** 	GPIO_TongglePin(GPIOD , GPIO_PIN(15));
 126              		.loc 1 31 0
 127 0002 4FF40041 		mov	r1, #32768
 128 0006 0548     		ldr	r0, .L11
 129 0008 FFF7FEFF 		bl	GPIO_TongglePin
 130              	.LVL5:
  32:Src/stm32f4xx_it.c **** 	
  33:Src/stm32f4xx_it.c **** 	// xoa co ngat 
  34:Src/stm32f4xx_it.c **** 	temp_reg = (1 <<0) ;
  35:Src/stm32f4xx_it.c **** 	write_reg(EXTI_PR , temp_reg );
 131              		.loc 1 35 0
 132 000c 044B     		ldr	r3, .L11+4
 133 000e 0122     		movs	r2, #1
 134 0010 1A60     		str	r2, [r3]
  36:Src/stm32f4xx_it.c **** 	write_reg(NVIC_ICPR , (1 << 6) );
 135              		.loc 1 36 0
 136 0012 044B     		ldr	r3, .L11+8
 137 0014 4022     		movs	r2, #64
 138 0016 1A60     		str	r2, [r3]
  37:Src/stm32f4xx_it.c **** 	
  38:Src/stm32f4xx_it.c **** }
ARM GAS  E:\msys32\tmp\ccu2bLQf.s 			page 4


 139              		.loc 1 38 0
 140 0018 08BD     		pop	{r3, pc}
 141              	.L12:
 142 001a 00BF     		.align	2
 143              	.L11:
 144 001c 000C0240 		.word	1073875968
 145 0020 143C0140 		.word	1073822740
 146 0024 80E200E0 		.word	-536812928
 147              		.cfi_endproc
 148              	.LFE2:
 150              		.section	.text.USART1_IRQHandler,"ax",%progbits
 151              		.align	1
 152              		.global	USART1_IRQHandler
 153              		.syntax unified
 154              		.thumb
 155              		.thumb_func
 156              		.fpu fpv4-sp-d16
 158              	USART1_IRQHandler:
 159              	.LFB3:
  39:Src/stm32f4xx_it.c **** void USART1_IRQHandler(void)
  40:Src/stm32f4xx_it.c **** {
 160              		.loc 1 40 0
 161              		.cfi_startproc
 162              		@ args = 0, pretend = 0, frame = 8
 163              		@ frame_needed = 0, uses_anonymous_args = 0
 164              		@ link register save eliminated.
 165 0000 82B0     		sub	sp, sp, #8
 166              	.LCFI3:
 167              		.cfi_def_cfa_offset 8
  41:Src/stm32f4xx_it.c ****     volatile unsigned int temp;
  42:Src/stm32f4xx_it.c **** 	unsigned  int temp_reg;
  43:Src/stm32f4xx_it.c ****     
  44:Src/stm32f4xx_it.c ****     temp = read_reg(USART_SR, 1 << 6);
 168              		.loc 1 44 0
 169 0002 0C4B     		ldr	r3, .L17
 170 0004 1B68     		ldr	r3, [r3]
 171 0006 03F04003 		and	r3, r3, #64
 172 000a 0193     		str	r3, [sp, #4]
  45:Src/stm32f4xx_it.c ****     if (0 != temp) /* Tx - TC flag */
 173              		.loc 1 45 0
 174 000c 019B     		ldr	r3, [sp, #4]
 175 000e 23B1     		cbz	r3, .L14
  46:Src/stm32f4xx_it.c ****     {
  47:Src/stm32f4xx_it.c **** 		// clear flag tc
  48:Src/stm32f4xx_it.c **** 		temp_reg = read_reg(USART_SR , ~(1u << 6));
 176              		.loc 1 48 0
 177 0010 084A     		ldr	r2, .L17
 178 0012 1368     		ldr	r3, [r2]
 179 0014 23F04003 		bic	r3, r3, #64
 180              	.LVL6:
  49:Src/stm32f4xx_it.c **** 		temp_reg |= (0u << 6);
  50:Src/stm32f4xx_it.c ****         write_reg(USART_SR, temp_reg);
 181              		.loc 1 50 0
 182 0018 1360     		str	r3, [r2]
 183              	.LVL7:
 184              	.L14:
  51:Src/stm32f4xx_it.c **** 		
ARM GAS  E:\msys32\tmp\ccu2bLQf.s 			page 5


  52:Src/stm32f4xx_it.c ****     }
  53:Src/stm32f4xx_it.c ****     temp = read_reg(USART_SR, 1 << 5);
 185              		.loc 1 53 0
 186 001a 064B     		ldr	r3, .L17
 187 001c 1B68     		ldr	r3, [r3]
 188 001e 03F02003 		and	r3, r3, #32
 189 0022 0193     		str	r3, [sp, #4]
  54:Src/stm32f4xx_it.c ****     if (0 != temp)  /* Rx - RXNE flag */
 190              		.loc 1 54 0
 191 0024 019B     		ldr	r3, [sp, #4]
 192 0026 1BB1     		cbz	r3, .L13
  55:Src/stm32f4xx_it.c ****     {
  56:Src/stm32f4xx_it.c ****         rx_data = read_reg(USART_DR , 0x000000FF);
 193              		.loc 1 56 0
 194 0028 034B     		ldr	r3, .L17+4
 195 002a 1A78     		ldrb	r2, [r3]	@ zero_extendqisi2
 196 002c 034B     		ldr	r3, .L17+8
 197 002e 1A70     		strb	r2, [r3]
 198              	.L13:
  57:Src/stm32f4xx_it.c ****     }
  58:Src/stm32f4xx_it.c **** }
 199              		.loc 1 58 0
 200 0030 02B0     		add	sp, sp, #8
 201              	.LCFI4:
 202              		.cfi_def_cfa_offset 0
 203              		@ sp needed
 204 0032 7047     		bx	lr
 205              	.L18:
 206              		.align	2
 207              	.L17:
 208 0034 00100140 		.word	1073811456
 209 0038 04100140 		.word	1073811460
 210 003c 00000000 		.word	.LANCHOR0
 211              		.cfi_endproc
 212              	.LFE3:
 214              		.section	.text.NMI_Handler,"ax",%progbits
 215              		.align	1
 216              		.global	NMI_Handler
 217              		.syntax unified
 218              		.thumb
 219              		.thumb_func
 220              		.fpu fpv4-sp-d16
 222              	NMI_Handler:
 223              	.LFB4:
  59:Src/stm32f4xx_it.c **** 
  60:Src/stm32f4xx_it.c **** void NMI_Handler(void)
  61:Src/stm32f4xx_it.c **** {
 224              		.loc 1 61 0
 225              		.cfi_startproc
 226              		@ args = 0, pretend = 0, frame = 0
 227              		@ frame_needed = 0, uses_anonymous_args = 0
 228              		@ link register save eliminated.
  62:Src/stm32f4xx_it.c **** }
 229              		.loc 1 62 0
 230 0000 7047     		bx	lr
 231              		.cfi_endproc
 232              	.LFE4:
ARM GAS  E:\msys32\tmp\ccu2bLQf.s 			page 6


 234              		.section	.text.HardFault_Handler,"ax",%progbits
 235              		.align	1
 236              		.global	HardFault_Handler
 237              		.syntax unified
 238              		.thumb
 239              		.thumb_func
 240              		.fpu fpv4-sp-d16
 242              	HardFault_Handler:
 243              	.LFB5:
  63:Src/stm32f4xx_it.c **** 
  64:Src/stm32f4xx_it.c **** void HardFault_Handler(void)
  65:Src/stm32f4xx_it.c **** {
 244              		.loc 1 65 0
 245              		.cfi_startproc
 246              		@ Volatile: function does not return.
 247              		@ args = 0, pretend = 0, frame = 0
 248              		@ frame_needed = 0, uses_anonymous_args = 0
 249              		@ link register save eliminated.
 250              	.L21:
 251 0000 FEE7     		b	.L21
 252              		.cfi_endproc
 253              	.LFE5:
 255              		.section	.text.MemManage_Handler,"ax",%progbits
 256              		.align	1
 257              		.global	MemManage_Handler
 258              		.syntax unified
 259              		.thumb
 260              		.thumb_func
 261              		.fpu fpv4-sp-d16
 263              	MemManage_Handler:
 264              	.LFB6:
  66:Src/stm32f4xx_it.c ****   while (1)
  67:Src/stm32f4xx_it.c ****   {
  68:Src/stm32f4xx_it.c ****   }
  69:Src/stm32f4xx_it.c **** }
  70:Src/stm32f4xx_it.c **** void MemManage_Handler(void)
  71:Src/stm32f4xx_it.c **** {
 265              		.loc 1 71 0
 266              		.cfi_startproc
 267              		@ Volatile: function does not return.
 268              		@ args = 0, pretend = 0, frame = 0
 269              		@ frame_needed = 0, uses_anonymous_args = 0
 270              		@ link register save eliminated.
 271              	.L23:
 272 0000 FEE7     		b	.L23
 273              		.cfi_endproc
 274              	.LFE6:
 276              		.section	.text.BusFault_Handler,"ax",%progbits
 277              		.align	1
 278              		.global	BusFault_Handler
 279              		.syntax unified
 280              		.thumb
 281              		.thumb_func
 282              		.fpu fpv4-sp-d16
 284              	BusFault_Handler:
 285              	.LFB7:
  72:Src/stm32f4xx_it.c ****   while (1)
ARM GAS  E:\msys32\tmp\ccu2bLQf.s 			page 7


  73:Src/stm32f4xx_it.c ****   {
  74:Src/stm32f4xx_it.c ****   }
  75:Src/stm32f4xx_it.c **** }
  76:Src/stm32f4xx_it.c **** 
  77:Src/stm32f4xx_it.c **** void BusFault_Handler(void)
  78:Src/stm32f4xx_it.c **** {
 286              		.loc 1 78 0
 287              		.cfi_startproc
 288              		@ Volatile: function does not return.
 289              		@ args = 0, pretend = 0, frame = 0
 290              		@ frame_needed = 0, uses_anonymous_args = 0
 291              		@ link register save eliminated.
 292              	.L25:
 293 0000 FEE7     		b	.L25
 294              		.cfi_endproc
 295              	.LFE7:
 297              		.section	.text.UsageFault_Handler,"ax",%progbits
 298              		.align	1
 299              		.global	UsageFault_Handler
 300              		.syntax unified
 301              		.thumb
 302              		.thumb_func
 303              		.fpu fpv4-sp-d16
 305              	UsageFault_Handler:
 306              	.LFB8:
  79:Src/stm32f4xx_it.c ****   while (1)
  80:Src/stm32f4xx_it.c ****   {
  81:Src/stm32f4xx_it.c ****   }
  82:Src/stm32f4xx_it.c **** 
  83:Src/stm32f4xx_it.c **** }
  84:Src/stm32f4xx_it.c **** 
  85:Src/stm32f4xx_it.c **** void UsageFault_Handler(void)
  86:Src/stm32f4xx_it.c **** {
 307              		.loc 1 86 0
 308              		.cfi_startproc
 309              		@ Volatile: function does not return.
 310              		@ args = 0, pretend = 0, frame = 0
 311              		@ frame_needed = 0, uses_anonymous_args = 0
 312              		@ link register save eliminated.
 313              	.L27:
 314 0000 FEE7     		b	.L27
 315              		.cfi_endproc
 316              	.LFE8:
 318              		.section	.text.SVC_Handler,"ax",%progbits
 319              		.align	1
 320              		.global	SVC_Handler
 321              		.syntax unified
 322              		.thumb
 323              		.thumb_func
 324              		.fpu fpv4-sp-d16
 326              	SVC_Handler:
 327              	.LFB9:
  87:Src/stm32f4xx_it.c ****   while (1)
  88:Src/stm32f4xx_it.c ****   {
  89:Src/stm32f4xx_it.c ****   }
  90:Src/stm32f4xx_it.c **** }
  91:Src/stm32f4xx_it.c **** void SVC_Handler(void)
ARM GAS  E:\msys32\tmp\ccu2bLQf.s 			page 8


  92:Src/stm32f4xx_it.c **** {
 328              		.loc 1 92 0
 329              		.cfi_startproc
 330              		@ args = 0, pretend = 0, frame = 0
 331              		@ frame_needed = 0, uses_anonymous_args = 0
 332              		@ link register save eliminated.
  93:Src/stm32f4xx_it.c **** }
 333              		.loc 1 93 0
 334 0000 7047     		bx	lr
 335              		.cfi_endproc
 336              	.LFE9:
 338              		.section	.text.DebugMon_Handler,"ax",%progbits
 339              		.align	1
 340              		.global	DebugMon_Handler
 341              		.syntax unified
 342              		.thumb
 343              		.thumb_func
 344              		.fpu fpv4-sp-d16
 346              	DebugMon_Handler:
 347              	.LFB10:
  94:Src/stm32f4xx_it.c **** 
  95:Src/stm32f4xx_it.c **** void DebugMon_Handler(void)
  96:Src/stm32f4xx_it.c **** {
 348              		.loc 1 96 0
 349              		.cfi_startproc
 350              		@ args = 0, pretend = 0, frame = 0
 351              		@ frame_needed = 0, uses_anonymous_args = 0
 352              		@ link register save eliminated.
  97:Src/stm32f4xx_it.c **** }
 353              		.loc 1 97 0
 354 0000 7047     		bx	lr
 355              		.cfi_endproc
 356              	.LFE10:
 358              		.section	.text.PendSV_Handler,"ax",%progbits
 359              		.align	1
 360              		.global	PendSV_Handler
 361              		.syntax unified
 362              		.thumb
 363              		.thumb_func
 364              		.fpu fpv4-sp-d16
 366              	PendSV_Handler:
 367              	.LFB11:
  98:Src/stm32f4xx_it.c **** 
  99:Src/stm32f4xx_it.c **** void PendSV_Handler(void)
 100:Src/stm32f4xx_it.c **** {
 368              		.loc 1 100 0
 369              		.cfi_startproc
 370              		@ args = 0, pretend = 0, frame = 0
 371              		@ frame_needed = 0, uses_anonymous_args = 0
 372              		@ link register save eliminated.
 101:Src/stm32f4xx_it.c **** }
 373              		.loc 1 101 0
 374 0000 7047     		bx	lr
 375              		.cfi_endproc
 376              	.LFE11:
 378              		.section	.text.SysTick_Handler,"ax",%progbits
 379              		.align	1
ARM GAS  E:\msys32\tmp\ccu2bLQf.s 			page 9


 380              		.global	SysTick_Handler
 381              		.syntax unified
 382              		.thumb
 383              		.thumb_func
 384              		.fpu fpv4-sp-d16
 386              	SysTick_Handler:
 387              	.LFB12:
 102:Src/stm32f4xx_it.c **** 
 103:Src/stm32f4xx_it.c **** void SysTick_Handler(void)
 104:Src/stm32f4xx_it.c **** {
 388              		.loc 1 104 0
 389              		.cfi_startproc
 390              		@ args = 0, pretend = 0, frame = 0
 391              		@ frame_needed = 0, uses_anonymous_args = 0
 392              		@ link register save eliminated.
 105:Src/stm32f4xx_it.c **** }
 393              		.loc 1 105 0
 394 0000 7047     		bx	lr
 395              		.cfi_endproc
 396              	.LFE12:
 398              		.section	.text.mNVIC_SetPriority,"ax",%progbits
 399              		.align	1
 400              		.global	mNVIC_SetPriority
 401              		.syntax unified
 402              		.thumb
 403              		.thumb_func
 404              		.fpu fpv4-sp-d16
 406              	mNVIC_SetPriority:
 407              	.LFB13:
 106:Src/stm32f4xx_it.c **** void mNVIC_SetPriority(IRQn_Type ipr , u32_t pri){
 408              		.loc 1 106 0
 409              		.cfi_startproc
 410              		@ args = 0, pretend = 0, frame = 0
 411              		@ frame_needed = 0, uses_anonymous_args = 0
 412              		@ link register save eliminated.
 413              	.LVL8:
 107:Src/stm32f4xx_it.c **** 	// chia 4 .. stm32f4 chi dung 4 bit priority	 
 108:Src/stm32f4xx_it.c **** 	u32_t addr_ipr = (NVIC_IPR( (u32_t)ipr >> 2u )) ;
 414              		.loc 1 108 0
 415 0000 20F04040 		bic	r0, r0, #-1073741824
 416              	.LVL9:
 417 0004 00F16040 		add	r0, r0, #-536870912
 418 0008 00F56440 		add	r0, r0, #58368
 419              	.LVL10:
 109:Src/stm32f4xx_it.c **** 	u32_t temp_reg = read_reg(addr_ipr, ~0u);
 420              		.loc 1 109 0
 421 000c 0368     		ldr	r3, [r0]
 422              	.LVL11:
 110:Src/stm32f4xx_it.c **** 	temp_reg |=  ( ((u32_t)pri  & 0xFFu ) << 4u ) ;
 423              		.loc 1 110 0
 424 000e 0901     		lsls	r1, r1, #4
 425              	.LVL12:
 426 0010 01F47F61 		and	r1, r1, #4080
 427 0014 1943     		orrs	r1, r1, r3
 428              	.LVL13:
 111:Src/stm32f4xx_it.c **** 	write_reg(addr_ipr, temp_reg);
 429              		.loc 1 111 0
ARM GAS  E:\msys32\tmp\ccu2bLQf.s 			page 10


 430 0016 0160     		str	r1, [r0]
 112:Src/stm32f4xx_it.c **** 	 
 113:Src/stm32f4xx_it.c **** }
 431              		.loc 1 113 0
 432 0018 7047     		bx	lr
 433              		.cfi_endproc
 434              	.LFE13:
 436              		.section	.text.mNVIC_EnableIRQ,"ax",%progbits
 437              		.align	1
 438              		.global	mNVIC_EnableIRQ
 439              		.syntax unified
 440              		.thumb
 441              		.thumb_func
 442              		.fpu fpv4-sp-d16
 444              	mNVIC_EnableIRQ:
 445              	.LFB14:
 114:Src/stm32f4xx_it.c **** void mNVIC_EnableIRQ(IRQn_Type irq){
 446              		.loc 1 114 0
 447              		.cfi_startproc
 448              		@ args = 0, pretend = 0, frame = 0
 449              		@ frame_needed = 0, uses_anonymous_args = 0
 450              		@ link register save eliminated.
 451              	.LVL14:
 115:Src/stm32f4xx_it.c **** 	// iser /32 ,%32
 116:Src/stm32f4xx_it.c **** 	u32_t addr_irq = NVIC_ISER( (u32_t)irq >> 5u )  ;
 452              		.loc 1 116 0
 453 0000 C0F3DA03 		ubfx	r3, r0, #3, #27
 454 0004 03F16043 		add	r3, r3, #-536870912
 455 0008 03F56143 		add	r3, r3, #57600
 456              	.LVL15:
 117:Src/stm32f4xx_it.c **** 	
 118:Src/stm32f4xx_it.c **** 	u32_t temp_reg = read_reg(addr_irq , ~0u);
 457              		.loc 1 118 0
 458 000c 1968     		ldr	r1, [r3]
 459              	.LVL16:
 119:Src/stm32f4xx_it.c **** 	temp_reg |=  (u32_t)(1UL << ((u32_t)irq & 0x1Fu )) ;
 460              		.loc 1 119 0
 461 000e 00F01F02 		and	r2, r0, #31
 462 0012 0120     		movs	r0, #1
 463              	.LVL17:
 464 0014 9040     		lsls	r0, r0, r2
 465 0016 0843     		orrs	r0, r0, r1
 466              	.LVL18:
 120:Src/stm32f4xx_it.c **** 	write_reg(addr_irq, temp_reg);
 467              		.loc 1 120 0
 468 0018 1860     		str	r0, [r3]
 121:Src/stm32f4xx_it.c **** 	
 122:Src/stm32f4xx_it.c **** }
 469              		.loc 1 122 0
 470 001a 7047     		bx	lr
 471              		.cfi_endproc
 472              	.LFE14:
 474              		.section	.text.init_interrupt,"ax",%progbits
 475              		.align	1
 476              		.global	init_interrupt
 477              		.syntax unified
 478              		.thumb
ARM GAS  E:\msys32\tmp\ccu2bLQf.s 			page 11


 479              		.thumb_func
 480              		.fpu fpv4-sp-d16
 482              	init_interrupt:
 483              	.LFB15:
 123:Src/stm32f4xx_it.c **** void init_interrupt( ){
 484              		.loc 1 123 0
 485              		.cfi_startproc
 486              		@ args = 0, pretend = 0, frame = 0
 487              		@ frame_needed = 0, uses_anonymous_args = 0
 488 0000 08B5     		push	{r3, lr}
 489              	.LCFI5:
 490              		.cfi_def_cfa_offset 8
 491              		.cfi_offset 3, -8
 492              		.cfi_offset 14, -4
 124:Src/stm32f4xx_it.c **** 	
 125:Src/stm32f4xx_it.c **** 	unsigned int temp_reg;
 126:Src/stm32f4xx_it.c **** //EXTI_IMR enable 2 interrupt EXTI0 , EXTI1
 127:Src/stm32f4xx_it.c **** 	temp_reg = read_reg(EXTI_IMR , ~(0x03<< 0));
 493              		.loc 1 127 0
 494 0002 164A     		ldr	r2, .L36
 495 0004 1368     		ldr	r3, [r2]
 496              	.LVL19:
 128:Src/stm32f4xx_it.c **** 	temp_reg  = temp_reg | (0x03<< 0 );
 497              		.loc 1 128 0
 498 0006 43F00303 		orr	r3, r3, #3
 499              	.LVL20:
 129:Src/stm32f4xx_it.c **** 	write_reg(EXTI_IMR , temp_reg );
 500              		.loc 1 129 0
 501 000a 1360     		str	r3, [r2]
 130:Src/stm32f4xx_it.c **** 	
 131:Src/stm32f4xx_it.c **** 	
 132:Src/stm32f4xx_it.c **** 	/////////////////////////////
 133:Src/stm32f4xx_it.c **** 	//raising for button1 
 134:Src/stm32f4xx_it.c **** 	temp_reg = read_reg(EXTI_RTSR , ~(1<< 0));
 502              		.loc 1 134 0
 503 000c 0832     		adds	r2, r2, #8
 504 000e 1368     		ldr	r3, [r2]
 505              	.LVL21:
 135:Src/stm32f4xx_it.c **** 	temp_reg  = temp_reg | (1<< 0 );
 136:Src/stm32f4xx_it.c **** 	write_reg(EXTI_RTSR , temp_reg );
 137:Src/stm32f4xx_it.c **** 	
 138:Src/stm32f4xx_it.c **** 	// raising for button1
 139:Src/stm32f4xx_it.c **** 	temp_reg = read_reg(EXTI_RTSR , ~(1u<< 1));
 140:Src/stm32f4xx_it.c **** 	temp_reg  = temp_reg | (1u << 1 );
 506              		.loc 1 140 0
 507 0010 43F00303 		orr	r3, r3, #3
 508              	.LVL22:
 141:Src/stm32f4xx_it.c **** 	write_reg(EXTI_RTSR , temp_reg );
 509              		.loc 1 141 0
 510 0014 1360     		str	r3, [r2]
 142:Src/stm32f4xx_it.c **** 	
 143:Src/stm32f4xx_it.c **** 	/////////////////////////////
 144:Src/stm32f4xx_it.c **** // syscfg
 145:Src/stm32f4xx_it.c **** 	
 146:Src/stm32f4xx_it.c **** 	//FOR EXTI0
 147:Src/stm32f4xx_it.c **** 	temp_reg = read_reg(SYSCFG_EXTICR1 , ~(0x0F<< 0));
 511              		.loc 1 147 0
ARM GAS  E:\msys32\tmp\ccu2bLQf.s 			page 12


 512 0016 A2F58062 		sub	r2, r2, #1024
 513 001a 1368     		ldr	r3, [r2]
 514              	.LVL23:
 148:Src/stm32f4xx_it.c **** 	temp_reg  = temp_reg | (0 << 0 );
 149:Src/stm32f4xx_it.c **** 	write_reg(SYSCFG_EXTICR1 , temp_reg );
 150:Src/stm32f4xx_it.c **** 	
 151:Src/stm32f4xx_it.c **** 	//FOR EXTI1
 152:Src/stm32f4xx_it.c **** 	temp_reg = read_reg(SYSCFG_EXTICR1 , ~(0x0F<< 4));
 515              		.loc 1 152 0
 516 001c 23F0FF03 		bic	r3, r3, #255
 517              	.LVL24:
 153:Src/stm32f4xx_it.c **** 	temp_reg  = temp_reg | (0 << 4 );
 154:Src/stm32f4xx_it.c **** 	write_reg(SYSCFG_EXTICR1 , temp_reg );
 518              		.loc 1 154 0
 519 0020 1360     		str	r3, [r2]
 155:Src/stm32f4xx_it.c **** 	
 156:Src/stm32f4xx_it.c **** 	//////////////////////////////
 157:Src/stm32f4xx_it.c **** 	
 158:Src/stm32f4xx_it.c **** //NVIC	
 159:Src/stm32f4xx_it.c **** 	mNVIC_SetPriority(EXTI0_IRQn , 15);
 520              		.loc 1 159 0
 521 0022 0F21     		movs	r1, #15
 522 0024 0620     		movs	r0, #6
 523 0026 FFF7FEFF 		bl	mNVIC_SetPriority
 524              	.LVL25:
 160:Src/stm32f4xx_it.c **** 	mNVIC_SetPriority(EXTI1_IRQn , 15);
 525              		.loc 1 160 0
 526 002a 0F21     		movs	r1, #15
 527 002c 0720     		movs	r0, #7
 528 002e FFF7FEFF 		bl	mNVIC_SetPriority
 529              	.LVL26:
 161:Src/stm32f4xx_it.c **** 	
 162:Src/stm32f4xx_it.c **** 	mNVIC_EnableIRQ(EXTI0_IRQn);
 530              		.loc 1 162 0
 531 0032 0620     		movs	r0, #6
 532 0034 FFF7FEFF 		bl	mNVIC_EnableIRQ
 533              	.LVL27:
 163:Src/stm32f4xx_it.c **** 	mNVIC_EnableIRQ(EXTI1_IRQn);
 534              		.loc 1 163 0
 535 0038 0720     		movs	r0, #7
 536 003a FFF7FEFF 		bl	mNVIC_EnableIRQ
 537              	.LVL28:
 164:Src/stm32f4xx_it.c **** 	
 165:Src/stm32f4xx_it.c **** 	//////////////////////////////
 166:Src/stm32f4xx_it.c **** 	/* usart1 */
 167:Src/stm32f4xx_it.c **** 
 168:Src/stm32f4xx_it.c ****     /* Tx interrupt */
 169:Src/stm32f4xx_it.c ****     temp_reg = read_reg(USART_CR1, ~(1 << 6));
 538              		.loc 1 169 0
 539 003e 084A     		ldr	r2, .L36+4
 540 0040 1368     		ldr	r3, [r2]
 541              	.LVL29:
 170:Src/stm32f4xx_it.c ****     temp_reg |= (1 << 6);
 171:Src/stm32f4xx_it.c ****     write_reg(USART_CR1, temp_reg);
 172:Src/stm32f4xx_it.c **** 
 173:Src/stm32f4xx_it.c ****     /* Rx interrupt - RXNEIE */
 174:Src/stm32f4xx_it.c ****     temp_reg = read_reg(USART_CR1, ~(1 << 5));
ARM GAS  E:\msys32\tmp\ccu2bLQf.s 			page 13


 175:Src/stm32f4xx_it.c ****     temp_reg |= (1 << 5);
 542              		.loc 1 175 0
 543 0042 43F06003 		orr	r3, r3, #96
 544              	.LVL30:
 176:Src/stm32f4xx_it.c ****     write_reg(USART_CR1, temp_reg);
 545              		.loc 1 176 0
 546 0046 1360     		str	r3, [r2]
 177:Src/stm32f4xx_it.c ****     
 178:Src/stm32f4xx_it.c **** 	mNVIC_SetPriority(USART1_IRQn , 10);
 547              		.loc 1 178 0
 548 0048 0A21     		movs	r1, #10
 549 004a 2520     		movs	r0, #37
 550 004c FFF7FEFF 		bl	mNVIC_SetPriority
 551              	.LVL31:
 179:Src/stm32f4xx_it.c **** 	mNVIC_EnableIRQ(USART1_IRQn);
 552              		.loc 1 179 0
 553 0050 2520     		movs	r0, #37
 554 0052 FFF7FEFF 		bl	mNVIC_EnableIRQ
 555              	.LVL32:
 180:Src/stm32f4xx_it.c **** 
 181:Src/stm32f4xx_it.c ****     asm("cpsie i") ;	
 556              		.loc 1 181 0
 557              		.syntax unified
 558              	@ 181 "Src/stm32f4xx_it.c" 1
 559 0056 62B6     		cpsie i
 560              	@ 0 "" 2
 182:Src/stm32f4xx_it.c **** 	
 183:Src/stm32f4xx_it.c **** }
 561              		.loc 1 183 0
 562              		.thumb
 563              		.syntax unified
 564 0058 08BD     		pop	{r3, pc}
 565              	.L37:
 566 005a 00BF     		.align	2
 567              	.L36:
 568 005c 003C0140 		.word	1073822720
 569 0060 0C100140 		.word	1073811468
 570              		.cfi_endproc
 571              	.LFE15:
 573              		.global	rx_data
 574              		.global	led_state
 575              		.section	.bss.led_state,"aw",%nobits
 576              		.align	2
 579              	led_state:
 580 0000 00000000 		.space	4
 581              		.section	.bss.rx_data,"aw",%nobits
 582              		.set	.LANCHOR0,. + 0
 585              	rx_data:
 586 0000 00       		.space	1
 587              		.text
 588              	.Letext0:
 589              		.file 2 "Inc/main.h"
 590              		.file 3 "Inc/stm32f4xx_it.h"
 591              		.file 4 "Inc/gpio.h"
ARM GAS  E:\msys32\tmp\ccu2bLQf.s 			page 14


DEFINED SYMBOLS
                            *ABS*:00000000 stm32f4xx_it.c
E:\msys32\tmp\ccu2bLQf.s:18     .text.TIM2_IRQHandler:00000000 $t
E:\msys32\tmp\ccu2bLQf.s:25     .text.TIM2_IRQHandler:00000000 TIM2_IRQHandler
E:\msys32\tmp\ccu2bLQf.s:60     .text.TIM2_IRQHandler:00000020 $d
E:\msys32\tmp\ccu2bLQf.s:67     .text.EXTI1_IRQHandler:00000000 $t
E:\msys32\tmp\ccu2bLQf.s:74     .text.EXTI1_IRQHandler:00000000 EXTI1_IRQHandler
E:\msys32\tmp\ccu2bLQf.s:102    .text.EXTI1_IRQHandler:00000018 $d
E:\msys32\tmp\ccu2bLQf.s:108    .text.EXTI0_IRQHandler:00000000 $t
E:\msys32\tmp\ccu2bLQf.s:115    .text.EXTI0_IRQHandler:00000000 EXTI0_IRQHandler
E:\msys32\tmp\ccu2bLQf.s:144    .text.EXTI0_IRQHandler:0000001c $d
E:\msys32\tmp\ccu2bLQf.s:151    .text.USART1_IRQHandler:00000000 $t
E:\msys32\tmp\ccu2bLQf.s:158    .text.USART1_IRQHandler:00000000 USART1_IRQHandler
E:\msys32\tmp\ccu2bLQf.s:208    .text.USART1_IRQHandler:00000034 $d
E:\msys32\tmp\ccu2bLQf.s:215    .text.NMI_Handler:00000000 $t
E:\msys32\tmp\ccu2bLQf.s:222    .text.NMI_Handler:00000000 NMI_Handler
E:\msys32\tmp\ccu2bLQf.s:235    .text.HardFault_Handler:00000000 $t
E:\msys32\tmp\ccu2bLQf.s:242    .text.HardFault_Handler:00000000 HardFault_Handler
E:\msys32\tmp\ccu2bLQf.s:256    .text.MemManage_Handler:00000000 $t
E:\msys32\tmp\ccu2bLQf.s:263    .text.MemManage_Handler:00000000 MemManage_Handler
E:\msys32\tmp\ccu2bLQf.s:277    .text.BusFault_Handler:00000000 $t
E:\msys32\tmp\ccu2bLQf.s:284    .text.BusFault_Handler:00000000 BusFault_Handler
E:\msys32\tmp\ccu2bLQf.s:298    .text.UsageFault_Handler:00000000 $t
E:\msys32\tmp\ccu2bLQf.s:305    .text.UsageFault_Handler:00000000 UsageFault_Handler
E:\msys32\tmp\ccu2bLQf.s:319    .text.SVC_Handler:00000000 $t
E:\msys32\tmp\ccu2bLQf.s:326    .text.SVC_Handler:00000000 SVC_Handler
E:\msys32\tmp\ccu2bLQf.s:339    .text.DebugMon_Handler:00000000 $t
E:\msys32\tmp\ccu2bLQf.s:346    .text.DebugMon_Handler:00000000 DebugMon_Handler
E:\msys32\tmp\ccu2bLQf.s:359    .text.PendSV_Handler:00000000 $t
E:\msys32\tmp\ccu2bLQf.s:366    .text.PendSV_Handler:00000000 PendSV_Handler
E:\msys32\tmp\ccu2bLQf.s:379    .text.SysTick_Handler:00000000 $t
E:\msys32\tmp\ccu2bLQf.s:386    .text.SysTick_Handler:00000000 SysTick_Handler
E:\msys32\tmp\ccu2bLQf.s:399    .text.mNVIC_SetPriority:00000000 $t
E:\msys32\tmp\ccu2bLQf.s:406    .text.mNVIC_SetPriority:00000000 mNVIC_SetPriority
E:\msys32\tmp\ccu2bLQf.s:437    .text.mNVIC_EnableIRQ:00000000 $t
E:\msys32\tmp\ccu2bLQf.s:444    .text.mNVIC_EnableIRQ:00000000 mNVIC_EnableIRQ
E:\msys32\tmp\ccu2bLQf.s:475    .text.init_interrupt:00000000 $t
E:\msys32\tmp\ccu2bLQf.s:482    .text.init_interrupt:00000000 init_interrupt
E:\msys32\tmp\ccu2bLQf.s:568    .text.init_interrupt:0000005c $d
E:\msys32\tmp\ccu2bLQf.s:585    .bss.rx_data:00000000 rx_data
E:\msys32\tmp\ccu2bLQf.s:579    .bss.led_state:00000000 led_state
E:\msys32\tmp\ccu2bLQf.s:576    .bss.led_state:00000000 $d
E:\msys32\tmp\ccu2bLQf.s:586    .bss.rx_data:00000000 $d

UNDEFINED SYMBOLS
GPIO_TongglePin
delay
