ARM GAS  E:\msys32\tmp\ccS2NoNb.s 			page 1


   1              		.cpu cortex-m4
   2              		.eabi_attribute 27, 1
   3              		.eabi_attribute 28, 1
   4              		.eabi_attribute 20, 1
   5              		.eabi_attribute 21, 1
   6              		.eabi_attribute 23, 3
   7              		.eabi_attribute 24, 1
   8              		.eabi_attribute 25, 1
   9              		.eabi_attribute 26, 1
  10              		.eabi_attribute 30, 1
  11              		.eabi_attribute 34, 1
  12              		.eabi_attribute 18, 4
  13              		.file	"systick.c"
  14              		.text
  15              	.Ltext0:
  16              		.cfi_sections	.debug_frame
  17              		.section	.text.timer2_init,"ax",%progbits
  18              		.align	1
  19              		.global	timer2_init
  20              		.syntax unified
  21              		.thumb
  22              		.thumb_func
  23              		.fpu fpv4-sp-d16
  25              	timer2_init:
  26              	.LFB0:
  27              		.file 1 "Src/systick.c"
   1:Src/systick.c **** #include "project.h"
   2:Src/systick.c **** 
   3:Src/systick.c **** 
   4:Src/systick.c **** void timer2_init(){
  28              		.loc 1 4 0
  29              		.cfi_startproc
  30              		@ args = 0, pretend = 0, frame = 0
  31              		@ frame_needed = 0, uses_anonymous_args = 0
  32              		@ link register save eliminated.
   5:Src/systick.c **** 	
   6:Src/systick.c **** 	unsigned int temp_reg ;
   7:Src/systick.c **** 	//__HAL_RCC_TIM2_CLK_ENABLE
   8:Src/systick.c **** 	
   9:Src/systick.c **** 	temp_reg = read_reg(RCC_APB1ENR , ~1u);
  33              		.loc 1 9 0
  34 0000 1B4A     		ldr	r2, .L2
  35 0002 1368     		ldr	r3, [r2]
  36              	.LVL0:
  10:Src/systick.c **** 	temp_reg |= 1u;
  37              		.loc 1 10 0
  38 0004 43F00103 		orr	r3, r3, #1
  39              	.LVL1:
  11:Src/systick.c **** 	write_reg(RCC_APB1ENR , temp_reg );
  40              		.loc 1 11 0
  41 0008 1360     		str	r3, [r2]
  12:Src/systick.c **** 	
  13:Src/systick.c **** 	//vos
  14:Src/systick.c **** 	//PWR_CR , 14 15
  15:Src/systick.c **** 	temp_reg = read_reg(PWR_CR , ~(3u << 14));
  42              		.loc 1 15 0
  43 000a 1A4A     		ldr	r2, .L2+4
ARM GAS  E:\msys32\tmp\ccS2NoNb.s 			page 2


  44 000c 1368     		ldr	r3, [r2]
  45              	.LVL2:
  46 000e 23F44043 		bic	r3, r3, #49152
  47              	.LVL3:
  16:Src/systick.c **** 	temp_reg |= (2u << 14);
  48              		.loc 1 16 0
  49 0012 43F40043 		orr	r3, r3, #32768
  50              	.LVL4:
  17:Src/systick.c **** 	write_reg(PWR_CR , temp_reg);
  51              		.loc 1 17 0
  52 0016 1360     		str	r3, [r2]
  18:Src/systick.c **** 	
  19:Src/systick.c **** 	// /* mTIM2 interrupt Init */
  20:Src/systick.c **** 	// HAL_NVIC_SetPriority(TIM2_IRQn, 0, 0);//28
  21:Src/systick.c **** 	
  22:Src/systick.c **** 	// priority pos 28 in table vector interrupt
  23:Src/systick.c **** 	temp_reg = read_reg(NVIC_IPR(7) , ~0xFFu);
  53              		.loc 1 23 0
  54 0018 174A     		ldr	r2, .L2+8
  55 001a 1368     		ldr	r3, [r2]
  56              	.LVL5:
  57 001c 23F0FF03 		bic	r3, r3, #255
  58              	.LVL6:
  24:Src/systick.c **** 	// bit 6 , 7 is set priority
  25:Src/systick.c **** 	temp_reg |= (1u << 6);
  59              		.loc 1 25 0
  60 0020 43F04003 		orr	r3, r3, #64
  61              	.LVL7:
  26:Src/systick.c **** 	write_reg(NVIC_IPR(7) , temp_reg );
  62              		.loc 1 26 0
  63 0024 1360     		str	r3, [r2]
  27:Src/systick.c **** 	
  28:Src/systick.c **** 	
  29:Src/systick.c **** 	
  30:Src/systick.c **** 	// HAL_NVIC_EnableIRQ(TIM2_IRQn);
  31:Src/systick.c **** 	temp_reg = read_reg(NVIC_ISER(0) , ~(1u <<28));
  64              		.loc 1 31 0
  65 0026 A2F54772 		sub	r2, r2, #796
  66 002a 1368     		ldr	r3, [r2]
  67              	.LVL8:
  32:Src/systick.c **** 	temp_reg |= (1u << 28);
  68              		.loc 1 32 0
  69 002c 43F08053 		orr	r3, r3, #268435456
  70              	.LVL9:
  33:Src/systick.c **** 	write_reg(NVIC_ISER(0) , temp_reg );
  71              		.loc 1 33 0
  72 0030 1360     		str	r3, [r2]
  34:Src/systick.c **** 				  
  35:Src/systick.c **** 	// TIM_Base_SetConfig
  36:Src/systick.c **** 		// disable tim2
  37:Src/systick.c **** 
  38:Src/systick.c **** 	temp_reg = read_reg(TIM_CR1(mTIM2) , ~1u);
  73              		.loc 1 38 0
  74 0032 4FF08042 		mov	r2, #1073741824
  75 0036 1368     		ldr	r3, [r2]
  76              	.LVL10:
  39:Src/systick.c **** 	write_reg(TIM_CR1(mTIM2) ,temp_reg);
ARM GAS  E:\msys32\tmp\ccS2NoNb.s 			page 3


  40:Src/systick.c **** 	
  41:Src/systick.c **** 	//counter mode 
  42:Src/systick.c **** 	
  43:Src/systick.c **** 	
  44:Src/systick.c **** 	temp_reg = read_reg(TIM_CR1(mTIM2) , ~(7u << 4));
  45:Src/systick.c **** 	write_reg(TIM_CR1(mTIM2) ,temp_reg);
  46:Src/systick.c **** 	
  47:Src/systick.c **** 	
  48:Src/systick.c **** 	
  49:Src/systick.c **** 	//  Clock division
  50:Src/systick.c **** 	
  51:Src/systick.c **** 	temp_reg = read_reg(TIM_CR1(mTIM2) , ~( 3u << 8));
  77              		.loc 1 51 0
  78 0038 23F45C73 		bic	r3, r3, #880
  79              	.LVL11:
  80 003c 23F00103 		bic	r3, r3, #1
  81              	.LVL12:
  52:Src/systick.c **** 	write_reg(TIM_CR1(mTIM2) ,temp_reg);
  82              		.loc 1 52 0
  83 0040 1360     		str	r3, [r2]
  53:Src/systick.c **** 	
  54:Src/systick.c **** 	// /* Set the Auto-reload value */
  55:Src/systick.c **** 	// TIMx->ARR = (uint32_t)Structure->Period ;
  56:Src/systick.c **** 	//TIM_ARR 1999 GHI FULL
  57:Src/systick.c **** 	write_reg(TIM_ARR(mTIM2) , 1999u);
  84              		.loc 1 57 0
  85 0042 0E4B     		ldr	r3, .L2+12
  86              	.LVL13:
  87 0044 40F2CF72 		movw	r2, #1999
  88              	.LVL14:
  89 0048 1A60     		str	r2, [r3]
  58:Src/systick.c **** 	
  59:Src/systick.c **** 	
  60:Src/systick.c **** 	
  61:Src/systick.c **** 	// /* Set the Prescaler value */
  62:Src/systick.c **** 	// TIMx->PSC = (uint32_t)Structure->Prescaler;
  63:Src/systick.c **** 	// 50000 ,,TIM_PSC  15 BIT DAU 
  64:Src/systick.c **** 	write_reg(TIM_PSC(mTIM2) , 50000u);
  90              		.loc 1 64 0
  91 004a 043B     		subs	r3, r3, #4
  92 004c 4CF25032 		movw	r2, #50000
  93 0050 1A60     		str	r2, [r3]
  65:Src/systick.c **** 	
  66:Src/systick.c **** 	/* Generate an update event to reload the Prescaler 
  67:Src/systick.c ****      and the repetition counter(only for TIM1 and TIM8) value immediately */
  68:Src/systick.c **** 	 
  69:Src/systick.c **** 	// TIMx->EGR = TIM_EGR_UG;
  70:Src/systick.c **** 	// TIMx_EGR ,  BIT 0  >> 1 
  71:Src/systick.c **** 	
  72:Src/systick.c **** 	temp_reg = read_reg(TIM_EGR(mTIM2) , ~1u);
  94              		.loc 1 72 0
  95 0052 0B4A     		ldr	r2, .L2+16
  96 0054 1368     		ldr	r3, [r2]
  97              	.LVL15:
  73:Src/systick.c **** 	temp_reg |= 1u;
  98              		.loc 1 73 0
  99 0056 43F00103 		orr	r3, r3, #1
ARM GAS  E:\msys32\tmp\ccS2NoNb.s 			page 4


 100              	.LVL16:
  74:Src/systick.c **** 	write_reg(TIM_EGR(mTIM2) , temp_reg);
 101              		.loc 1 74 0
 102 005a 1360     		str	r3, [r2]
 103              	.LVL17:
  75:Src/systick.c **** 	
  76:Src/systick.c **** 	/* Reset the SMS, TS, ECE, ETPS and ETRF bits */
  77:Src/systick.c **** 	
  78:Src/systick.c **** 	
  79:Src/systick.c **** 	temp_reg = ( (7u << 0) |  (7u << 4) |( 0xF << 8 )| (4u << 12) | (1 << 14) |(1 << 15));
  80:Src/systick.c ****  
  81:Src/systick.c **** 	write_reg(TIM_SMCR(mTIM2), ~temp_reg);
  82:Src/systick.c **** 	
  83:Src/systick.c **** 	/* Disable slave mode to clock the prescaler directly with the internal clock */
  84:Src/systick.c **** 	//		  htim->Instance->SMCR &= ~TIM_SMCR_SMS;
  85:Src/systick.c **** 	
  86:Src/systick.c **** 	temp_reg = read_reg(TIM_SMCR(mTIM2) , ~(7u << 0));
  87:Src/systick.c **** 	
  88:Src/systick.c **** 	write_reg( TIM_SMCR(mTIM2), temp_reg);
  89:Src/systick.c **** 	
  90:Src/systick.c **** 	/* Reset the MMS Bits */
  91:Src/systick.c **** 	/* Select the TRGO source */
  92:Src/systick.c **** 	// htim->Instance->CR2 &= ~TIM_CR2_MMS;
  93:Src/systick.c **** 	// htim->Instance->CR2 |= sMasterConfig->MasterOutputTrigger;TIM_TRGO_RESET , 0x00000000U
  94:Src/systick.c **** 	
  95:Src/systick.c **** 	temp_reg = read_reg(TIM_CR2(mTIM2), ~(7u << 4));
 104              		.loc 1 95 0
 105 005c 103A     		subs	r2, r2, #16
 106 005e 1368     		ldr	r3, [r2]
 107 0060 23F07003 		bic	r3, r3, #112
 108              	.LVL18:
  96:Src/systick.c **** 	temp_reg |= (0u << 4);
  97:Src/systick.c **** 	write_reg(TIM_CR2(mTIM2) , temp_reg);
 109              		.loc 1 97 0
 110 0064 1360     		str	r3, [r2]
  98:Src/systick.c **** 	
  99:Src/systick.c **** 	
 100:Src/systick.c **** 	temp_reg = read_reg(TIM_SMCR(mTIM2), ~(1u << 7));
 111              		.loc 1 100 0
 112 0066 074A     		ldr	r2, .L2+20
 113              	.LVL19:
 101:Src/systick.c **** 	write_reg(TIM_SMCR(mTIM2) , temp_reg);
 114              		.loc 1 101 0
 115 0068 074B     		ldr	r3, .L2+24
 116 006a 1A60     		str	r2, [r3]
 102:Src/systick.c **** 	
 103:Src/systick.c **** 
 104:Src/systick.c **** 	//enable global interrupts
 105:Src/systick.c **** 	asm("cpsie i") ;
 117              		.loc 1 105 0
 118              		.syntax unified
 119              	@ 105 "Src/systick.c" 1
 120 006c 62B6     		cpsie i
 121              	@ 0 "" 2
 106:Src/systick.c **** 	
 107:Src/systick.c **** 
 108:Src/systick.c **** }
ARM GAS  E:\msys32\tmp\ccS2NoNb.s 			page 5


 122              		.loc 1 108 0
 123              		.thumb
 124              		.syntax unified
 125 006e 7047     		bx	lr
 126              	.L3:
 127              		.align	2
 128              	.L2:
 129 0070 40380240 		.word	1073887296
 130 0074 00700040 		.word	1073770496
 131 0078 1CE400E0 		.word	-536812516
 132 007c 2C000040 		.word	1073741868
 133 0080 14000040 		.word	1073741844
 134 0084 0830FFFF 		.word	-53240
 135 0088 08000040 		.word	1073741832
 136              		.cfi_endproc
 137              	.LFE0:
 139              		.section	.text.timer2_start,"ax",%progbits
 140              		.align	1
 141              		.global	timer2_start
 142              		.syntax unified
 143              		.thumb
 144              		.thumb_func
 145              		.fpu fpv4-sp-d16
 147              	timer2_start:
 148              	.LFB1:
 109:Src/systick.c **** 
 110:Src/systick.c **** 
 111:Src/systick.c **** void timer2_start(unsigned int value){
 149              		.loc 1 111 0
 150              		.cfi_startproc
 151              		@ args = 0, pretend = 0, frame = 0
 152              		@ frame_needed = 0, uses_anonymous_args = 0
 153              		@ link register save eliminated.
 154              	.LVL20:
 112:Src/systick.c **** 	
 113:Src/systick.c **** 	unsigned int temp_reg;
 114:Src/systick.c **** 
 115:Src/systick.c ****    /* Enable the TIM Update interrupt */
 116:Src/systick.c ****   // __HAL_TIM_ENABLE_IT(htim, TIM_IT_UPDATE);
 117:Src/systick.c ****   
 118:Src/systick.c ****   //TIMx_DIER ,bit 0 >> 1
 119:Src/systick.c ****   temp_reg = read_reg(TIM_DIER(mTIM2) , ~(0x1u<<0));
 155              		.loc 1 119 0
 156 0000 054A     		ldr	r2, .L5
 157 0002 1368     		ldr	r3, [r2]
 158              	.LVL21:
 120:Src/systick.c ****   temp_reg |= (0x1u <<0);
 159              		.loc 1 120 0
 160 0004 43F00103 		orr	r3, r3, #1
 161              	.LVL22:
 121:Src/systick.c ****   write_reg(TIM_DIER(mTIM2) , temp_reg);
 162              		.loc 1 121 0
 163 0008 1360     		str	r3, [r2]
 122:Src/systick.c ****   
 123:Src/systick.c ****   /* Enable the Peripheral */
 124:Src/systick.c ****   // __HAL_TIM_ENABLE(htim);
 125:Src/systick.c ****   // TIM_CR1 ,CEN BIT  0 , >> 1 
ARM GAS  E:\msys32\tmp\ccS2NoNb.s 			page 6


 126:Src/systick.c ****   temp_reg = read_reg(TIM_CR1(mTIM2) , ~1u);
 164              		.loc 1 126 0
 165 000a 4FF08042 		mov	r2, #1073741824
 166 000e 1368     		ldr	r3, [r2]
 167              	.LVL23:
 127:Src/systick.c ****   temp_reg |= 1u;
 168              		.loc 1 127 0
 169 0010 43F00103 		orr	r3, r3, #1
 170              	.LVL24:
 128:Src/systick.c ****   write_reg(TIM_CR1(mTIM2) , temp_reg);
 171              		.loc 1 128 0
 172 0014 1360     		str	r3, [r2]
 129:Src/systick.c ****       
 130:Src/systick.c **** }
 173              		.loc 1 130 0
 174 0016 7047     		bx	lr
 175              	.L6:
 176              		.align	2
 177              	.L5:
 178 0018 0C000040 		.word	1073741836
 179              		.cfi_endproc
 180              	.LFE1:
 182              		.text
 183              	.Letext0:
 184              		.file 2 "Inc/stm32f4xx_it.h"
ARM GAS  E:\msys32\tmp\ccS2NoNb.s 			page 7


DEFINED SYMBOLS
                            *ABS*:00000000 systick.c
E:\msys32\tmp\ccS2NoNb.s:18     .text.timer2_init:00000000 $t
E:\msys32\tmp\ccS2NoNb.s:25     .text.timer2_init:00000000 timer2_init
E:\msys32\tmp\ccS2NoNb.s:129    .text.timer2_init:00000070 $d
E:\msys32\tmp\ccS2NoNb.s:140    .text.timer2_start:00000000 $t
E:\msys32\tmp\ccS2NoNb.s:147    .text.timer2_start:00000000 timer2_start
E:\msys32\tmp\ccS2NoNb.s:178    .text.timer2_start:00000018 $d

NO UNDEFINED SYMBOLS
