ARM GAS  E:\msys32\tmp\ccA7doUY.s 			page 1


   1              		.cpu cortex-m4
   2              		.eabi_attribute 27, 1
   3              		.eabi_attribute 28, 1
   4              		.eabi_attribute 20, 1
   5              		.eabi_attribute 21, 1
   6              		.eabi_attribute 23, 3
   7              		.eabi_attribute 24, 1
   8              		.eabi_attribute 25, 1
   9              		.eabi_attribute 26, 1
  10              		.eabi_attribute 30, 1
  11              		.eabi_attribute 34, 1
  12              		.eabi_attribute 18, 4
  13              		.file	"main.c"
  14              		.text
  15              	.Ltext0:
  16              		.cfi_sections	.debug_frame
  17              		.section	.text.rcc_enableclk,"ax",%progbits
  18              		.align	1
  19              		.global	rcc_enableclk
  20              		.syntax unified
  21              		.thumb
  22              		.thumb_func
  23              		.fpu fpv4-sp-d16
  25              	rcc_enableclk:
  26              	.LFB0:
  27              		.file 1 "Src/main.c"
   1:Src/main.c    **** #include "project.h"
   2:Src/main.c    **** #include "string.h"
   3:Src/main.c    **** #include <stdlib.h>
   4:Src/main.c    **** void rcc_enableclk(){
  28              		.loc 1 4 0
  29              		.cfi_startproc
  30              		@ args = 0, pretend = 0, frame = 0
  31              		@ frame_needed = 0, uses_anonymous_args = 0
  32              		@ link register save eliminated.
   5:Src/main.c    **** 	
   6:Src/main.c    **** 	enable_rcc_gpioh();
  33              		.loc 1 6 0
  34 0000 054A     		ldr	r2, .L2
  35 0002 1368     		ldr	r3, [r2]
   7:Src/main.c    **** 	enable_rcc_gpioa();
  36              		.loc 1 7 0
  37 0004 43F08103 		orr	r3, r3, #129
  38 0008 1360     		str	r3, [r2]
   8:Src/main.c    **** 	enable_rcc_tim2();
  39              		.loc 1 8 0
  40 000a 1032     		adds	r2, r2, #16
  41 000c 1368     		ldr	r3, [r2]
  42 000e 43F00103 		orr	r3, r3, #1
  43 0012 1360     		str	r3, [r2]
   9:Src/main.c    **** 
  10:Src/main.c    **** }
  44              		.loc 1 10 0
  45 0014 7047     		bx	lr
  46              	.L3:
  47 0016 00BF     		.align	2
  48              	.L2:
ARM GAS  E:\msys32\tmp\ccA7doUY.s 			page 2


  49 0018 30380240 		.word	1073887280
  50              		.cfi_endproc
  51              	.LFE0:
  53              		.section	.text.config_pin,"ax",%progbits
  54              		.align	1
  55              		.global	config_pin
  56              		.syntax unified
  57              		.thumb
  58              		.thumb_func
  59              		.fpu fpv4-sp-d16
  61              	config_pin:
  62              	.LFB1:
  11:Src/main.c    **** void config_pin()
  12:Src/main.c    **** {
  63              		.loc 1 12 0
  64              		.cfi_startproc
  65              		@ args = 0, pretend = 0, frame = 24
  66              		@ frame_needed = 0, uses_anonymous_args = 0
  67 0000 00B5     		push	{lr}
  68              	.LCFI0:
  69              		.cfi_def_cfa_offset 4
  70              		.cfi_offset 14, -4
  71 0002 87B0     		sub	sp, sp, #28
  72              	.LCFI1:
  73              		.cfi_def_cfa_offset 32
  13:Src/main.c    **** 	mGPIO_TypeDef GPIO_Init;
  14:Src/main.c    **** 	
  15:Src/main.c    **** 	// TIM2  EXTERNAL INPUT
  16:Src/main.c    **** 	GPIO_Init.mpin  =  mGPIO_PIN(0);
  74              		.loc 1 16 0
  75 0004 0123     		movs	r3, #1
  76 0006 0093     		str	r3, [sp]
  17:Src/main.c    **** 	GPIO_Init.moder = mGPIO_MODER_ALT;
  77              		.loc 1 17 0
  78 0008 0222     		movs	r2, #2
  79 000a 0192     		str	r2, [sp, #4]
  18:Src/main.c    **** 	GPIO_Init.type = mPUSH_PULL;
  80              		.loc 1 18 0
  81 000c 0021     		movs	r1, #0
  82 000e 0291     		str	r1, [sp, #8]
  19:Src/main.c    **** 	GPIO_Init.pull  = mNO_PULL;
  83              		.loc 1 19 0
  84 0010 0391     		str	r1, [sp, #12]
  20:Src/main.c    **** 	GPIO_Init.speed = mFAST_SPEED;
  85              		.loc 1 20 0
  86 0012 0492     		str	r2, [sp, #16]
  21:Src/main.c    **** 	GPIO_Init.alternate = 1;
  87              		.loc 1 21 0
  88 0014 0593     		str	r3, [sp, #20]
  22:Src/main.c    **** 	init_pin(mGPIOA , &GPIO_Init); 
  89              		.loc 1 22 0
  90 0016 6946     		mov	r1, sp
  91 0018 0248     		ldr	r0, .L6
  92 001a FFF7FEFF 		bl	init_pin
  93              	.LVL0:
  23:Src/main.c    **** 	
  24:Src/main.c    **** }
ARM GAS  E:\msys32\tmp\ccA7doUY.s 			page 3


  94              		.loc 1 24 0
  95 001e 07B0     		add	sp, sp, #28
  96              	.LCFI2:
  97              		.cfi_def_cfa_offset 4
  98              		@ sp needed
  99 0020 5DF804FB 		ldr	pc, [sp], #4
 100              	.L7:
 101              		.align	2
 102              	.L6:
 103 0024 00000240 		.word	1073872896
 104              		.cfi_endproc
 105              	.LFE1:
 107              		.section	.text.main,"ax",%progbits
 108              		.align	1
 109              		.global	main
 110              		.syntax unified
 111              		.thumb
 112              		.thumb_func
 113              		.fpu fpv4-sp-d16
 115              	main:
 116              	.LFB2:
  25:Src/main.c    **** 
  26:Src/main.c    **** //clock config 100mhz 
  27:Src/main.c    **** int main(void)
  28:Src/main.c    **** {
 117              		.loc 1 28 0
 118              		.cfi_startproc
 119              		@ Volatile: function does not return.
 120              		@ args = 0, pretend = 0, frame = 0
 121              		@ frame_needed = 0, uses_anonymous_args = 0
 122 0000 00B5     		push	{lr}
 123              	.LCFI3:
 124              		.cfi_def_cfa_offset 4
 125              		.cfi_offset 14, -4
 126 0002 85B0     		sub	sp, sp, #20
 127              	.LCFI4:
 128              		.cfi_def_cfa_offset 24
  29:Src/main.c    **** 	//100mhz
  30:Src/main.c    **** 	system_init( 8, 200, mPLLP_DIV4 , mSRC_PLL, mAHB_DIV1 ,mAPB_DIV2  , mAPB_DIV1);
 129              		.loc 1 30 0
 130 0004 0024     		movs	r4, #0
 131 0006 0294     		str	r4, [sp, #8]
 132 0008 0423     		movs	r3, #4
 133 000a 0193     		str	r3, [sp, #4]
 134 000c 0094     		str	r4, [sp]
 135 000e 0223     		movs	r3, #2
 136 0010 0122     		movs	r2, #1
 137 0012 C821     		movs	r1, #200
 138 0014 0820     		movs	r0, #8
 139 0016 FFF7FEFF 		bl	system_init
 140              	.LVL1:
  31:Src/main.c    **** 	rcc_enableclk();
 141              		.loc 1 31 0
 142 001a FFF7FEFF 		bl	rcc_enableclk
 143              	.LVL2:
  32:Src/main.c    **** 	systick_init();
 144              		.loc 1 32 0
ARM GAS  E:\msys32\tmp\ccA7doUY.s 			page 4


 145 001e FFF7FEFF 		bl	systick_init
 146              	.LVL3:
  33:Src/main.c    **** 	config_pin();
 147              		.loc 1 33 0
 148 0022 FFF7FEFF 		bl	config_pin
 149              	.LVL4:
  34:Src/main.c    **** 	// ARR = 100 , PSC = 0 
  35:Src/main.c    **** 	mTIM_Base_SetConfig(100, 0 );
 150              		.loc 1 35 0
 151 0026 2146     		mov	r1, r4
 152 0028 6420     		movs	r0, #100
 153 002a FFF7FEFF 		bl	mTIM_Base_SetConfig
 154              	.LVL5:
  36:Src/main.c    **** 	config_ext_clk2();
 155              		.loc 1 36 0
 156 002e FFF7FEFF 		bl	config_ext_clk2
 157              	.LVL6:
  37:Src/main.c    **** 	tim_start(mTIM2);
 158              		.loc 1 37 0
 159 0032 4FF08040 		mov	r0, #1073741824
 160 0036 FFF7FEFF 		bl	tim_start
 161              	.LVL7:
 162              	.L9:
 163 003a FEE7     		b	.L9
 164              		.cfi_endproc
 165              	.LFE2:
 167              		.text
 168              	.Letext0:
 169              		.file 2 "E:/Users/VuHaiLong/Documents/stm/mylib/mInc/mtype.h"
 170              		.file 3 "c:\\tools\\gcc7_2017-q4-major\\arm-none-eabi\\include\\sys\\lock.h"
 171              		.file 4 "c:\\tools\\gcc7_2017-q4-major\\arm-none-eabi\\include\\sys\\_types.h"
 172              		.file 5 "c:\\tools\\gcc7_2017-q4-major\\lib\\gcc\\arm-none-eabi\\7.2.1\\include\\stddef.h"
 173              		.file 6 "c:\\tools\\gcc7_2017-q4-major\\arm-none-eabi\\include\\sys\\reent.h"
 174              		.file 7 "Inc/stm32f4xx_it.h"
 175              		.file 8 "c:\\tools\\gcc7_2017-q4-major\\arm-none-eabi\\include\\stdlib.h"
 176              		.file 9 "E:/Users/VuHaiLong/Documents/stm/mylib/mInc/clock.h"
 177              		.file 10 "E:/Users/VuHaiLong/Documents/stm/mylib/mInc/systick.h"
 178              		.file 11 "E:/Users/VuHaiLong/Documents/stm/mylib/mInc/tim.h"
 179              		.file 12 "E:/Users/VuHaiLong/Documents/stm/mylib/mInc/gpio.h"
ARM GAS  E:\msys32\tmp\ccA7doUY.s 			page 5


DEFINED SYMBOLS
                            *ABS*:00000000 main.c
E:\msys32\tmp\ccA7doUY.s:18     .text.rcc_enableclk:00000000 $t
E:\msys32\tmp\ccA7doUY.s:25     .text.rcc_enableclk:00000000 rcc_enableclk
E:\msys32\tmp\ccA7doUY.s:49     .text.rcc_enableclk:00000018 $d
E:\msys32\tmp\ccA7doUY.s:54     .text.config_pin:00000000 $t
E:\msys32\tmp\ccA7doUY.s:61     .text.config_pin:00000000 config_pin
E:\msys32\tmp\ccA7doUY.s:103    .text.config_pin:00000024 $d
E:\msys32\tmp\ccA7doUY.s:108    .text.main:00000000 $t
E:\msys32\tmp\ccA7doUY.s:115    .text.main:00000000 main

UNDEFINED SYMBOLS
init_pin
system_init
systick_init
mTIM_Base_SetConfig
config_ext_clk2
tim_start
