ARM GAS  E:\msys32\tmp\ccKpcava.s 			page 1


   1              		.cpu cortex-m4
   2              		.eabi_attribute 27, 1
   3              		.eabi_attribute 28, 1
   4              		.eabi_attribute 20, 1
   5              		.eabi_attribute 21, 1
   6              		.eabi_attribute 23, 3
   7              		.eabi_attribute 24, 1
   8              		.eabi_attribute 25, 1
   9              		.eabi_attribute 26, 1
  10              		.eabi_attribute 30, 1
  11              		.eabi_attribute 34, 1
  12              		.eabi_attribute 18, 4
  13              		.file	"pwm.c"
  14              		.text
  15              	.Ltext0:
  16              		.cfi_sections	.debug_frame
  17              		.section	.text.set_duty_tim,"ax",%progbits
  18              		.align	1
  19              		.global	set_duty_tim
  20              		.syntax unified
  21              		.thumb
  22              		.thumb_func
  23              		.fpu fpv4-sp-d16
  25              	set_duty_tim:
  26              	.LFB0:
  27              		.file 1 "E:/Users/VuHaiLong/Documents/stm/mylib/mSrc/pwm.c"
   1:E:/Users/VuHaiLong/Documents/stm/mylib/mSrc\pwm.c **** #include "all_lib.h"
   2:E:/Users/VuHaiLong/Documents/stm/mylib/mSrc\pwm.c **** 
   3:E:/Users/VuHaiLong/Documents/stm/mylib/mSrc\pwm.c **** void set_duty_tim(u32_t tim , u32_t duty , u32_t channel){
  28              		.loc 1 3 0
  29              		.cfi_startproc
  30              		@ args = 0, pretend = 0, frame = 0
  31              		@ frame_needed = 0, uses_anonymous_args = 0
  32              		@ link register save eliminated.
  33              	.LVL0:
   4:E:/Users/VuHaiLong/Documents/stm/mylib/mSrc\pwm.c **** 	//test for channel 1 
   5:E:/Users/VuHaiLong/Documents/stm/mylib/mSrc\pwm.c **** 	switch(channel)
  34              		.loc 1 5 0
  35 0000 013A     		subs	r2, r2, #1
  36              	.LVL1:
  37 0002 032A     		cmp	r2, #3
  38 0004 0AD8     		bhi	.L1
  39 0006 DFE802F0 		tbb	[pc, r2]
  40              	.L4:
  41 000a 02       		.byte	(.L3-.L4)/2
  42 000b 04       		.byte	(.L5-.L4)/2
  43 000c 06       		.byte	(.L6-.L4)/2
  44 000d 08       		.byte	(.L7-.L4)/2
  45              		.p2align 1
  46              	.L3:
   6:E:/Users/VuHaiLong/Documents/stm/mylib/mSrc\pwm.c **** 	{		
   7:E:/Users/VuHaiLong/Documents/stm/mylib/mSrc\pwm.c **** 		case 1:
   8:E:/Users/VuHaiLong/Documents/stm/mylib/mSrc\pwm.c **** 			write_reg(mTIM_CCR1(tim) , duty);
  47              		.loc 1 8 0
  48 000e 4163     		str	r1, [r0, #52]
   9:E:/Users/VuHaiLong/Documents/stm/mylib/mSrc\pwm.c **** 			break;	
  49              		.loc 1 9 0
ARM GAS  E:\msys32\tmp\ccKpcava.s 			page 2


  50 0010 7047     		bx	lr
  51              	.L5:
  10:E:/Users/VuHaiLong/Documents/stm/mylib/mSrc\pwm.c **** 		case 2:
  11:E:/Users/VuHaiLong/Documents/stm/mylib/mSrc\pwm.c **** 			write_reg(mTIM_CCR2(tim) , duty);
  52              		.loc 1 11 0
  53 0012 8163     		str	r1, [r0, #56]
  12:E:/Users/VuHaiLong/Documents/stm/mylib/mSrc\pwm.c **** 			break;
  54              		.loc 1 12 0
  55 0014 7047     		bx	lr
  56              	.L6:
  13:E:/Users/VuHaiLong/Documents/stm/mylib/mSrc\pwm.c **** 		
  14:E:/Users/VuHaiLong/Documents/stm/mylib/mSrc\pwm.c **** 		case 3:
  15:E:/Users/VuHaiLong/Documents/stm/mylib/mSrc\pwm.c **** 			write_reg(mTIM_CCR3(tim) , duty);
  57              		.loc 1 15 0
  58 0016 C163     		str	r1, [r0, #60]
  16:E:/Users/VuHaiLong/Documents/stm/mylib/mSrc\pwm.c **** 			break;		
  59              		.loc 1 16 0
  60 0018 7047     		bx	lr
  61              	.L7:
  17:E:/Users/VuHaiLong/Documents/stm/mylib/mSrc\pwm.c **** 		case 4:
  18:E:/Users/VuHaiLong/Documents/stm/mylib/mSrc\pwm.c **** 			write_reg(mTIM_CCR4(tim) , duty);
  62              		.loc 1 18 0
  63 001a 0164     		str	r1, [r0, #64]
  64              	.L1:
  19:E:/Users/VuHaiLong/Documents/stm/mylib/mSrc\pwm.c **** 			break;
  20:E:/Users/VuHaiLong/Documents/stm/mylib/mSrc\pwm.c **** 	}
  21:E:/Users/VuHaiLong/Documents/stm/mylib/mSrc\pwm.c **** }...
  65              		.loc 1 21 0
  66 001c 7047     		bx	lr
  67              		.cfi_endproc
  68              	.LFE0:
  70              		.text
  71              	.Letext0:
  72              		.file 2 "E:/Users/VuHaiLong/Documents/stm/mylib/mInc/mtype.h"
ARM GAS  E:\msys32\tmp\ccKpcava.s 			page 3


DEFINED SYMBOLS
                            *ABS*:00000000 pwm.c
E:\msys32\tmp\ccKpcava.s:18     .text.set_duty_tim:00000000 $t
E:\msys32\tmp\ccKpcava.s:25     .text.set_duty_tim:00000000 set_duty_tim
E:\msys32\tmp\ccKpcava.s:41     .text.set_duty_tim:0000000a $d
E:\msys32\tmp\ccKpcava.s:45     .text.set_duty_tim:0000000e $t

NO UNDEFINED SYMBOLS
