ARM GAS  E:\msys32\tmp\ccIT9dd9.s 			page 1


   1              		.cpu cortex-m4
   2              		.eabi_attribute 27, 1
   3              		.eabi_attribute 28, 1
   4              		.eabi_attribute 20, 1
   5              		.eabi_attribute 21, 1
   6              		.eabi_attribute 23, 3
   7              		.eabi_attribute 24, 1
   8              		.eabi_attribute 25, 1
   9              		.eabi_attribute 26, 1
  10              		.eabi_attribute 30, 1
  11              		.eabi_attribute 34, 1
  12              		.eabi_attribute 18, 4
  13              		.file	"main.c"
  14              		.text
  15              	.Ltext0:
  16              		.cfi_sections	.debug_frame
  17              		.section	.text.rcc_enableclk,"ax",%progbits
  18              		.align	1
  19              		.global	rcc_enableclk
  20              		.syntax unified
  21              		.thumb
  22              		.thumb_func
  23              		.fpu fpv4-sp-d16
  25              	rcc_enableclk:
  26              	.LFB0:
  27              		.file 1 "Src/main.c"
   1:Src/main.c    **** #include "project.h"
   2:Src/main.c    **** #include "string.h"
   3:Src/main.c    **** #include <stdlib.h>
   4:Src/main.c    **** char times = 0;
   5:Src/main.c    **** void rcc_enableclk(){
  28              		.loc 1 5 0
  29              		.cfi_startproc
  30              		@ args = 0, pretend = 0, frame = 0
  31              		@ frame_needed = 0, uses_anonymous_args = 0
  32              		@ link register save eliminated.
   6:Src/main.c    **** 	//for dma2stream 2
   7:Src/main.c    **** 	u32_t temp_reg = read_reg( mRCC_AHB1ENR , ~(1u << 22) );
  33              		.loc 1 7 0
  34 0000 034A     		ldr	r2, .L2
  35 0002 1368     		ldr	r3, [r2]
  36              	.LVL0:
   8:Src/main.c    **** 	temp_reg |= (1 << 22);
   9:Src/main.c    **** 	write_reg(mRCC_AHB1ENR , temp_reg);
  10:Src/main.c    **** 	
  11:Src/main.c    **** 	// enable port h
  12:Src/main.c    **** 	enable_rcc_gpioh();
  13:Src/main.c    **** 	
  14:Src/main.c    **** 	// for usart
  15:Src/main.c    **** 	enable_rcc_gpiob();
  16:Src/main.c    **** 	//PORT D . for 4 led	
  17:Src/main.c    **** 	enable_rcc_gpiod();
  37              		.loc 1 17 0
  38 0004 43F48003 		orr	r3, r3, #4194304
  39              	.LVL1:
  40 0008 43F08A03 		orr	r3, r3, #138
  41              	.LVL2:
ARM GAS  E:\msys32\tmp\ccIT9dd9.s 			page 2


  42 000c 1360     		str	r3, [r2]
  43              	.LVL3:
  18:Src/main.c    **** 
  19:Src/main.c    **** }
  44              		.loc 1 19 0
  45 000e 7047     		bx	lr
  46              	.L3:
  47              		.align	2
  48              	.L2:
  49 0010 30380240 		.word	1073887280
  50              		.cfi_endproc
  51              	.LFE0:
  53              		.section	.text.config_pin,"ax",%progbits
  54              		.align	1
  55              		.global	config_pin
  56              		.syntax unified
  57              		.thumb
  58              		.thumb_func
  59              		.fpu fpv4-sp-d16
  61              	config_pin:
  62              	.LFB1:
  20:Src/main.c    **** void config_pin()
  21:Src/main.c    **** {
  63              		.loc 1 21 0
  64              		.cfi_startproc
  65              		@ args = 0, pretend = 0, frame = 24
  66              		@ frame_needed = 0, uses_anonymous_args = 0
  67 0000 70B5     		push	{r4, r5, r6, lr}
  68              	.LCFI0:
  69              		.cfi_def_cfa_offset 16
  70              		.cfi_offset 4, -16
  71              		.cfi_offset 5, -12
  72              		.cfi_offset 6, -8
  73              		.cfi_offset 14, -4
  74 0002 86B0     		sub	sp, sp, #24
  75              	.LCFI1:
  76              		.cfi_def_cfa_offset 40
  22:Src/main.c    **** 	mGPIO_TypeDef GPIO_Init;
  23:Src/main.c    **** 	GPIO_Init.mpin  =  mGPIO_PIN(15) | mGPIO_PIN(14);
  77              		.loc 1 23 0
  78 0004 4FF44043 		mov	r3, #49152
  79 0008 0093     		str	r3, [sp]
  24:Src/main.c    **** 	GPIO_Init.moder = mGPIO_MODER_ALT;
  80              		.loc 1 24 0
  81 000a 0224     		movs	r4, #2
  82 000c 0194     		str	r4, [sp, #4]
  25:Src/main.c    **** 	GPIO_Init.type = mPUSH_PULL;
  83              		.loc 1 25 0
  84 000e 0025     		movs	r5, #0
  85 0010 0295     		str	r5, [sp, #8]
  26:Src/main.c    **** 	GPIO_Init.pull  = mNO_PULL;
  86              		.loc 1 26 0
  87 0012 0395     		str	r5, [sp, #12]
  27:Src/main.c    **** 	GPIO_Init.speed = mFAST_SPEED;
  88              		.loc 1 27 0
  89 0014 0494     		str	r4, [sp, #16]
  28:Src/main.c    **** 	GPIO_Init.alternate = 2; 
ARM GAS  E:\msys32\tmp\ccIT9dd9.s 			page 3


  90              		.loc 1 28 0
  91 0016 0594     		str	r4, [sp, #20]
  29:Src/main.c    **** 	init_pin(mGPIOD , &GPIO_Init);
  92              		.loc 1 29 0
  93 0018 094E     		ldr	r6, .L6
  94 001a 6946     		mov	r1, sp
  95 001c 3046     		mov	r0, r6
  96 001e FFF7FEFF 		bl	init_pin
  97              	.LVL4:
  30:Src/main.c    **** 	
  31:Src/main.c    **** 	GPIO_Init.mpin  =  mGPIO_PIN(12)| mGPIO_PIN(13) | mGPIO_PIN(14) | mGPIO_PIN(15);
  98              		.loc 1 31 0
  99 0022 4FF47043 		mov	r3, #61440
 100 0026 0093     		str	r3, [sp]
  32:Src/main.c    **** 	GPIO_Init.moder = mGPIO_MODER_OUTPUT;
 101              		.loc 1 32 0
 102 0028 0123     		movs	r3, #1
 103 002a 0193     		str	r3, [sp, #4]
  33:Src/main.c    **** 	GPIO_Init.type = mPUSH_PULL;
 104              		.loc 1 33 0
 105 002c 0295     		str	r5, [sp, #8]
  34:Src/main.c    **** 	GPIO_Init.pull  = mNO_PULL;
 106              		.loc 1 34 0
 107 002e 0395     		str	r5, [sp, #12]
  35:Src/main.c    **** 	GPIO_Init.speed = mFAST_SPEED;
 108              		.loc 1 35 0
 109 0030 0494     		str	r4, [sp, #16]
  36:Src/main.c    **** 	
  37:Src/main.c    **** 	init_pin(mGPIOD , &GPIO_Init); 
 110              		.loc 1 37 0
 111 0032 6946     		mov	r1, sp
 112 0034 3046     		mov	r0, r6
 113 0036 FFF7FEFF 		bl	init_pin
 114              	.LVL5:
  38:Src/main.c    **** }
 115              		.loc 1 38 0
 116 003a 06B0     		add	sp, sp, #24
 117              	.LCFI2:
 118              		.cfi_def_cfa_offset 16
 119              		@ sp needed
 120 003c 70BD     		pop	{r4, r5, r6, pc}
 121              	.L7:
 122 003e 00BF     		.align	2
 123              	.L6:
 124 0040 000C0240 		.word	1073875968
 125              		.cfi_endproc
 126              	.LFE1:
 128              		.section	.text.main,"ax",%progbits
 129              		.align	1
 130              		.global	main
 131              		.syntax unified
 132              		.thumb
 133              		.thumb_func
 134              		.fpu fpv4-sp-d16
 136              	main:
 137              	.LFB2:
  39:Src/main.c    **** 
ARM GAS  E:\msys32\tmp\ccIT9dd9.s 			page 4


  40:Src/main.c    **** //clock config 100mhz 
  41:Src/main.c    **** int main(void)
  42:Src/main.c    **** {	
 138              		.loc 1 42 0
 139              		.cfi_startproc
 140              		@ Volatile: function does not return.
 141              		@ args = 0, pretend = 0, frame = 0
 142              		@ frame_needed = 0, uses_anonymous_args = 0
 143 0000 00B5     		push	{lr}
 144              	.LCFI3:
 145              		.cfi_def_cfa_offset 4
 146              		.cfi_offset 14, -4
 147 0002 87B0     		sub	sp, sp, #28
 148              	.LCFI4:
 149              		.cfi_def_cfa_offset 32
  43:Src/main.c    **** 	// use hse
  44:Src/main.c    **** 	//void system_init( div_m, u32_t mul_n, u32_t div_p, u32_t system_source,u32_t div_ahb,u32_t div_a
  45:Src/main.c    **** 	system_init( 8, 200, mPLLP_DIV4 , mSRC_PLL, mAHB_DIV1 ,mAPB_DIV2  , mAPB_DIV1);
 150              		.loc 1 45 0
 151 0004 0024     		movs	r4, #0
 152 0006 0294     		str	r4, [sp, #8]
 153 0008 0426     		movs	r6, #4
 154 000a 0196     		str	r6, [sp, #4]
 155 000c 0094     		str	r4, [sp]
 156 000e 0223     		movs	r3, #2
 157 0010 0122     		movs	r2, #1
 158 0012 C821     		movs	r1, #200
 159 0014 0820     		movs	r0, #8
 160 0016 FFF7FEFF 		bl	system_init
 161              	.LVL6:
  46:Src/main.c    **** 	rcc_enableclk();
 162              		.loc 1 46 0
 163 001a FFF7FEFF 		bl	rcc_enableclk
 164              	.LVL7:
  47:Src/main.c    **** 	systick_init();
 165              		.loc 1 47 0
 166 001e FFF7FEFF 		bl	systick_init
 167              	.LVL8:
  48:Src/main.c    **** 	config_pin();
 168              		.loc 1 48 0
 169 0022 FFF7FEFF 		bl	config_pin
 170              	.LVL9:
  49:Src/main.c    **** 	// void config_dma(u32 dma , u8_t stream ,u8_t channel , u8_t dir , u8_t circular  , u8_t pinc 
  50:Src/main.c    ****           // , u8_t minc , u8_t psize , u8t msize , u8_t priority   );
  51:Src/main.c    **** 	config_dma(mDMA2 , 2 , 4 , DMA_P2M , ENABLE , DMA_INC , DMA_FIX ,DMA_SIZE_BYTE , DMA_SIZE_BYTE , D
 171              		.loc 1 51 0
 172 0026 114D     		ldr	r5, .L11
 173 0028 0594     		str	r4, [sp, #20]
 174 002a 0494     		str	r4, [sp, #16]
 175 002c 0394     		str	r4, [sp, #12]
 176 002e 0294     		str	r4, [sp, #8]
 177 0030 0123     		movs	r3, #1
 178 0032 0193     		str	r3, [sp, #4]
 179 0034 0093     		str	r3, [sp]
 180 0036 2346     		mov	r3, r4
 181 0038 3246     		mov	r2, r6
 182 003a 0221     		movs	r1, #2
ARM GAS  E:\msys32\tmp\ccIT9dd9.s 			page 5


 183 003c 2846     		mov	r0, r5
 184 003e FFF7FEFF 		bl	config_dma
 185              	.LVL10:
  52:Src/main.c    **** 	uart_init(100, 16 , 9600);
 186              		.loc 1 52 0
 187 0042 4FF41652 		mov	r2, #9600
 188 0046 1021     		movs	r1, #16
 189 0048 6420     		movs	r0, #100
 190 004a FFF7FEFF 		bl	uart_init
 191              	.LVL11:
  53:Src/main.c    **** 	mDMA_start( mDMA2 , 2u , (u32_t )&rx_data ,mUSART_DR(mUSART1)  );
 192              		.loc 1 53 0
 193 004e 084B     		ldr	r3, .L11+4
 194 0050 084A     		ldr	r2, .L11+8
 195 0052 0221     		movs	r1, #2
 196 0054 2846     		mov	r0, r5
 197 0056 FFF7FEFF 		bl	mDMA_start
 198              	.LVL12:
  54:Src/main.c    **** 	usart_dma_en();
 199              		.loc 1 54 0
 200 005a FFF7FEFF 		bl	usart_dma_en
 201              	.LVL13:
  55:Src/main.c    **** 	init_interrupt();
 202              		.loc 1 55 0
 203 005e FFF7FEFF 		bl	init_interrupt
 204              	.LVL14:
  56:Src/main.c    **** 	usart_send_string("HELLO FROM MCU STM32 !!!");
 205              		.loc 1 56 0
 206 0062 0548     		ldr	r0, .L11+12
 207 0064 FFF7FEFF 		bl	usart_send_string
 208              	.LVL15:
 209              	.L9:
 210 0068 FEE7     		b	.L9
 211              	.L12:
 212 006a 00BF     		.align	2
 213              	.L11:
 214 006c 00640240 		.word	1073898496
 215 0070 04100140 		.word	1073811460
 216 0074 00000000 		.word	rx_data
 217 0078 00000000 		.word	.LC0
 218              		.cfi_endproc
 219              	.LFE2:
 221              		.global	times
 222              		.section	.bss.times,"aw",%nobits
 225              	times:
 226 0000 00       		.space	1
 227              		.section	.rodata.main.str1.4,"aMS",%progbits,1
 228              		.align	2
 229              	.LC0:
 230 0000 48454C4C 		.ascii	"HELLO FROM MCU STM32 !!!\000"
 230      4F204652 
 230      4F4D204D 
 230      43552053 
 230      544D3332 
 231              		.text
 232              	.Letext0:
 233              		.file 2 "E:/Users/VuHaiLong/Documents/stm/mylib/mInc/mtype.h"
ARM GAS  E:\msys32\tmp\ccIT9dd9.s 			page 6


 234              		.file 3 "c:\\tools\\gcc7_2017-q4-major\\arm-none-eabi\\include\\sys\\lock.h"
 235              		.file 4 "c:\\tools\\gcc7_2017-q4-major\\arm-none-eabi\\include\\sys\\_types.h"
 236              		.file 5 "c:\\tools\\gcc7_2017-q4-major\\lib\\gcc\\arm-none-eabi\\7.2.1\\include\\stddef.h"
 237              		.file 6 "c:\\tools\\gcc7_2017-q4-major\\arm-none-eabi\\include\\sys\\reent.h"
 238              		.file 7 "Inc/stm32f4xx_it.h"
 239              		.file 8 "c:\\tools\\gcc7_2017-q4-major\\arm-none-eabi\\include\\stdlib.h"
 240              		.file 9 "E:/Users/VuHaiLong/Documents/stm/mylib/mInc/clock.h"
 241              		.file 10 "E:/Users/VuHaiLong/Documents/stm/mylib/mInc/systick.h"
 242              		.file 11 "E:/Users/VuHaiLong/Documents/stm/mylib/mInc/dma.h"
 243              		.file 12 "E:/Users/VuHaiLong/Documents/stm/mylib/mInc/uart.h"
 244              		.file 13 "E:/Users/VuHaiLong/Documents/stm/mylib/mInc/gpio.h"
ARM GAS  E:\msys32\tmp\ccIT9dd9.s 			page 7


DEFINED SYMBOLS
                            *ABS*:00000000 main.c
E:\msys32\tmp\ccIT9dd9.s:18     .text.rcc_enableclk:00000000 $t
E:\msys32\tmp\ccIT9dd9.s:25     .text.rcc_enableclk:00000000 rcc_enableclk
E:\msys32\tmp\ccIT9dd9.s:49     .text.rcc_enableclk:00000010 $d
E:\msys32\tmp\ccIT9dd9.s:54     .text.config_pin:00000000 $t
E:\msys32\tmp\ccIT9dd9.s:61     .text.config_pin:00000000 config_pin
E:\msys32\tmp\ccIT9dd9.s:124    .text.config_pin:00000040 $d
E:\msys32\tmp\ccIT9dd9.s:129    .text.main:00000000 $t
E:\msys32\tmp\ccIT9dd9.s:136    .text.main:00000000 main
E:\msys32\tmp\ccIT9dd9.s:214    .text.main:0000006c $d
E:\msys32\tmp\ccIT9dd9.s:225    .bss.times:00000000 times
E:\msys32\tmp\ccIT9dd9.s:226    .bss.times:00000000 $d
E:\msys32\tmp\ccIT9dd9.s:228    .rodata.main.str1.4:00000000 $d

UNDEFINED SYMBOLS
init_pin
system_init
systick_init
config_dma
uart_init
mDMA_start
usart_dma_en
init_interrupt
usart_send_string
rx_data
