ARM GAS  E:\msys32\tmp\ccHTJR1p.s 			page 1


   1              		.cpu cortex-m4
   2              		.eabi_attribute 27, 1
   3              		.eabi_attribute 28, 1
   4              		.eabi_attribute 20, 1
   5              		.eabi_attribute 21, 1
   6              		.eabi_attribute 23, 3
   7              		.eabi_attribute 24, 1
   8              		.eabi_attribute 25, 1
   9              		.eabi_attribute 26, 1
  10              		.eabi_attribute 30, 1
  11              		.eabi_attribute 34, 1
  12              		.eabi_attribute 18, 4
  13              		.file	"main.c"
  14              		.text
  15              	.Ltext0:
  16              		.cfi_sections	.debug_frame
  17              		.section	.text.rcc_enableclk,"ax",%progbits
  18              		.align	1
  19              		.global	rcc_enableclk
  20              		.syntax unified
  21              		.thumb
  22              		.thumb_func
  23              		.fpu fpv4-sp-d16
  25              	rcc_enableclk:
  26              	.LFB0:
  27              		.file 1 "Src/main.c"
   1:Src/main.c    **** #include "project.h"
   2:Src/main.c    **** #include "string.h"
   3:Src/main.c    **** #include <stdlib.h>
   4:Src/main.c    **** void rcc_enableclk(){
  28              		.loc 1 4 0
  29              		.cfi_startproc
  30              		@ args = 0, pretend = 0, frame = 0
  31              		@ frame_needed = 0, uses_anonymous_args = 0
  32              		@ link register save eliminated.
   5:Src/main.c    **** 	enable_rcc_gpioh();
  33              		.loc 1 5 0
  34 0000 054A     		ldr	r2, .L2
  35 0002 1368     		ldr	r3, [r2]
   6:Src/main.c    **** 	enable_rcc_gpioa();
   7:Src/main.c    **** 	enable_rcc_gpiod();
  36              		.loc 1 7 0
  37 0004 43F08903 		orr	r3, r3, #137
  38 0008 1360     		str	r3, [r2]
   8:Src/main.c    **** 	enable_rcc_tim2();
  39              		.loc 1 8 0
  40 000a 1032     		adds	r2, r2, #16
  41 000c 1368     		ldr	r3, [r2]
  42 000e 43F00103 		orr	r3, r3, #1
  43 0012 1360     		str	r3, [r2]
   9:Src/main.c    **** 
  10:Src/main.c    **** }
  44              		.loc 1 10 0
  45 0014 7047     		bx	lr
  46              	.L3:
  47 0016 00BF     		.align	2
  48              	.L2:
ARM GAS  E:\msys32\tmp\ccHTJR1p.s 			page 2


  49 0018 30380240 		.word	1073887280
  50              		.cfi_endproc
  51              	.LFE0:
  53              		.section	.text.config_pin,"ax",%progbits
  54              		.align	1
  55              		.global	config_pin
  56              		.syntax unified
  57              		.thumb
  58              		.thumb_func
  59              		.fpu fpv4-sp-d16
  61              	config_pin:
  62              	.LFB1:
  11:Src/main.c    **** void config_pin()
  12:Src/main.c    **** {
  63              		.loc 1 12 0
  64              		.cfi_startproc
  65              		@ args = 0, pretend = 0, frame = 24
  66              		@ frame_needed = 0, uses_anonymous_args = 0
  67 0000 70B5     		push	{r4, r5, r6, lr}
  68              	.LCFI0:
  69              		.cfi_def_cfa_offset 16
  70              		.cfi_offset 4, -16
  71              		.cfi_offset 5, -12
  72              		.cfi_offset 6, -8
  73              		.cfi_offset 14, -4
  74 0002 86B0     		sub	sp, sp, #24
  75              	.LCFI1:
  76              		.cfi_def_cfa_offset 40
  13:Src/main.c    **** 	mGPIO_TypeDef GPIO_Init;
  14:Src/main.c    **** 	GPIO_Init.mpin  =  mGPIO_PIN(15) | mGPIO_PIN(14)|mGPIO_PIN(13)|mGPIO_PIN(12);
  77              		.loc 1 14 0
  78 0004 4FF47043 		mov	r3, #61440
  79 0008 0093     		str	r3, [sp]
  15:Src/main.c    **** 	GPIO_Init.moder = mGPIO_MODER_OUTPUT;
  80              		.loc 1 15 0
  81 000a 0125     		movs	r5, #1
  82 000c 0195     		str	r5, [sp, #4]
  16:Src/main.c    **** 	GPIO_Init.type = mPUSH_PULL;
  83              		.loc 1 16 0
  84 000e 0024     		movs	r4, #0
  85 0010 0294     		str	r4, [sp, #8]
  17:Src/main.c    **** 	GPIO_Init.pull  = mNO_PULL;
  86              		.loc 1 17 0
  87 0012 0394     		str	r4, [sp, #12]
  18:Src/main.c    **** 	GPIO_Init.speed = mFAST_SPEED;
  88              		.loc 1 18 0
  89 0014 0226     		movs	r6, #2
  90 0016 0496     		str	r6, [sp, #16]
  19:Src/main.c    **** 	init_pin(mGPIOD , &GPIO_Init);
  91              		.loc 1 19 0
  92 0018 6946     		mov	r1, sp
  93 001a 0748     		ldr	r0, .L6
  94 001c FFF7FEFF 		bl	init_pin
  95              	.LVL0:
  20:Src/main.c    **** 	
  21:Src/main.c    **** 	
  22:Src/main.c    **** 	// TIM2  EXTERNAL INPUT
ARM GAS  E:\msys32\tmp\ccHTJR1p.s 			page 3


  23:Src/main.c    **** 	GPIO_Init.mpin  =  mGPIO_PIN(0);
  96              		.loc 1 23 0
  97 0020 0095     		str	r5, [sp]
  24:Src/main.c    **** 	GPIO_Init.moder = mGPIO_MODER_ALT;
  98              		.loc 1 24 0
  99 0022 0196     		str	r6, [sp, #4]
  25:Src/main.c    **** 	GPIO_Init.type = mPUSH_PULL;
 100              		.loc 1 25 0
 101 0024 0294     		str	r4, [sp, #8]
  26:Src/main.c    **** 	GPIO_Init.pull  = mNO_PULL;
 102              		.loc 1 26 0
 103 0026 0394     		str	r4, [sp, #12]
  27:Src/main.c    **** 	GPIO_Init.speed = mFAST_SPEED;
 104              		.loc 1 27 0
 105 0028 0496     		str	r6, [sp, #16]
  28:Src/main.c    **** 	GPIO_Init.alternate = 1;
 106              		.loc 1 28 0
 107 002a 0595     		str	r5, [sp, #20]
  29:Src/main.c    **** 	init_pin(mGPIOA , &GPIO_Init); 
 108              		.loc 1 29 0
 109 002c 6946     		mov	r1, sp
 110 002e 0348     		ldr	r0, .L6+4
 111 0030 FFF7FEFF 		bl	init_pin
 112              	.LVL1:
  30:Src/main.c    **** 	
  31:Src/main.c    **** }
 113              		.loc 1 31 0
 114 0034 06B0     		add	sp, sp, #24
 115              	.LCFI2:
 116              		.cfi_def_cfa_offset 16
 117              		@ sp needed
 118 0036 70BD     		pop	{r4, r5, r6, pc}
 119              	.L7:
 120              		.align	2
 121              	.L6:
 122 0038 000C0240 		.word	1073875968
 123 003c 00000240 		.word	1073872896
 124              		.cfi_endproc
 125              	.LFE1:
 127              		.section	.text.init_interrupt,"ax",%progbits
 128              		.align	1
 129              		.global	init_interrupt
 130              		.syntax unified
 131              		.thumb
 132              		.thumb_func
 133              		.fpu fpv4-sp-d16
 135              	init_interrupt:
 136              	.LFB2:
  32:Src/main.c    **** void init_interrupt(){
 137              		.loc 1 32 0
 138              		.cfi_startproc
 139              		@ args = 0, pretend = 0, frame = 0
 140              		@ frame_needed = 0, uses_anonymous_args = 0
 141 0000 08B5     		push	{r3, lr}
 142              	.LCFI3:
 143              		.cfi_def_cfa_offset 8
 144              		.cfi_offset 3, -8
ARM GAS  E:\msys32\tmp\ccHTJR1p.s 			page 4


 145              		.cfi_offset 14, -4
  33:Src/main.c    **** 
  34:Src/main.c    **** 	mNVIC_SetPriority(TIM2_IRQn , 0);
 146              		.loc 1 34 0
 147 0002 0021     		movs	r1, #0
 148 0004 1C20     		movs	r0, #28
 149 0006 FFF7FEFF 		bl	mNVIC_SetPriority
 150              	.LVL2:
  35:Src/main.c    **** 	mNVIC_EnableIRQ(TIM2_IRQn);
 151              		.loc 1 35 0
 152 000a 1C20     		movs	r0, #28
 153 000c FFF7FEFF 		bl	mNVIC_EnableIRQ
 154              	.LVL3:
  36:Src/main.c    **** }
 155              		.loc 1 36 0
 156 0010 08BD     		pop	{r3, pc}
 157              		.cfi_endproc
 158              	.LFE2:
 160              		.section	.text.main,"ax",%progbits
 161              		.align	1
 162              		.global	main
 163              		.syntax unified
 164              		.thumb
 165              		.thumb_func
 166              		.fpu fpv4-sp-d16
 168              	main:
 169              	.LFB3:
  37:Src/main.c    **** 
  38:Src/main.c    **** //clock config 100mhz 
  39:Src/main.c    **** int main(void)
  40:Src/main.c    **** {
 170              		.loc 1 40 0
 171              		.cfi_startproc
 172              		@ Volatile: function does not return.
 173              		@ args = 0, pretend = 0, frame = 0
 174              		@ frame_needed = 0, uses_anonymous_args = 0
 175 0000 00B5     		push	{lr}
 176              	.LCFI4:
 177              		.cfi_def_cfa_offset 4
 178              		.cfi_offset 14, -4
 179 0002 85B0     		sub	sp, sp, #20
 180              	.LCFI5:
 181              		.cfi_def_cfa_offset 24
  41:Src/main.c    **** 	//100mhz
  42:Src/main.c    **** 	system_init( 8, 200, mPLLP_DIV4 , mSRC_PLL, mAHB_DIV1 ,mAPB_DIV2  , mAPB_DIV1);
 182              		.loc 1 42 0
 183 0004 0023     		movs	r3, #0
 184 0006 0293     		str	r3, [sp, #8]
 185 0008 0422     		movs	r2, #4
 186 000a 0192     		str	r2, [sp, #4]
 187 000c 0093     		str	r3, [sp]
 188 000e 0223     		movs	r3, #2
 189 0010 0122     		movs	r2, #1
 190 0012 C821     		movs	r1, #200
 191 0014 0820     		movs	r0, #8
 192 0016 FFF7FEFF 		bl	system_init
 193              	.LVL4:
ARM GAS  E:\msys32\tmp\ccHTJR1p.s 			page 5


  43:Src/main.c    **** 	rcc_enableclk();
 194              		.loc 1 43 0
 195 001a FFF7FEFF 		bl	rcc_enableclk
 196              	.LVL5:
  44:Src/main.c    **** 	systick_init();
 197              		.loc 1 44 0
 198 001e FFF7FEFF 		bl	systick_init
 199              	.LVL6:
  45:Src/main.c    **** 	config_pin();
 200              		.loc 1 45 0
 201 0022 FFF7FEFF 		bl	config_pin
 202              	.LVL7:
  46:Src/main.c    **** 	// ARR = 100 , PSC = 2 . F' = F/3 
  47:Src/main.c    **** 	mTIM_Base_SetConfig(0xFFFFFFFFU, 2 );
 203              		.loc 1 47 0
 204 0026 0221     		movs	r1, #2
 205 0028 4FF0FF30 		mov	r0, #-1
 206 002c FFF7FEFF 		bl	mTIM_Base_SetConfig
 207              	.LVL8:
  48:Src/main.c    **** 	input_capture_config(mTIM2 , 15u);
 208              		.loc 1 48 0
 209 0030 0F21     		movs	r1, #15
 210 0032 4FF08040 		mov	r0, #1073741824
 211 0036 FFF7FEFF 		bl	input_capture_config
 212              	.LVL9:
  49:Src/main.c    **** 	init_interrupt();
 213              		.loc 1 49 0
 214 003a FFF7FEFF 		bl	init_interrupt
 215              	.LVL10:
  50:Src/main.c    **** 	tim_start(mTIM2);
 216              		.loc 1 50 0
 217 003e 4FF08040 		mov	r0, #1073741824
 218 0042 FFF7FEFF 		bl	tim_start
 219              	.LVL11:
 220              	.L11:
 221 0046 FEE7     		b	.L11
 222              		.cfi_endproc
 223              	.LFE3:
 225              		.text
 226              	.Letext0:
 227              		.file 2 "E:/Users/VuHaiLong/Documents/stm/mylib/mInc/mtype.h"
 228              		.file 3 "c:\\tools\\gcc7_2017-q4-major\\arm-none-eabi\\include\\sys\\lock.h"
 229              		.file 4 "c:\\tools\\gcc7_2017-q4-major\\arm-none-eabi\\include\\sys\\_types.h"
 230              		.file 5 "c:\\tools\\gcc7_2017-q4-major\\lib\\gcc\\arm-none-eabi\\7.2.1\\include\\stddef.h"
 231              		.file 6 "c:\\tools\\gcc7_2017-q4-major\\arm-none-eabi\\include\\sys\\reent.h"
 232              		.file 7 "Inc/stm32f4xx_it.h"
 233              		.file 8 "c:\\tools\\gcc7_2017-q4-major\\arm-none-eabi\\include\\stdlib.h"
 234              		.file 9 "E:/Users/VuHaiLong/Documents/stm/mylib/mInc/clock.h"
 235              		.file 10 "E:/Users/VuHaiLong/Documents/stm/mylib/mInc/systick.h"
 236              		.file 11 "E:/Users/VuHaiLong/Documents/stm/mylib/mInc/tim.h"
 237              		.file 12 "E:/Users/VuHaiLong/Documents/stm/mylib/mInc/gpio.h"
 238              		.file 13 "E:/Users/VuHaiLong/Documents/stm/mylib/mInc/const.h"
ARM GAS  E:\msys32\tmp\ccHTJR1p.s 			page 6


DEFINED SYMBOLS
                            *ABS*:00000000 main.c
E:\msys32\tmp\ccHTJR1p.s:18     .text.rcc_enableclk:00000000 $t
E:\msys32\tmp\ccHTJR1p.s:25     .text.rcc_enableclk:00000000 rcc_enableclk
E:\msys32\tmp\ccHTJR1p.s:49     .text.rcc_enableclk:00000018 $d
E:\msys32\tmp\ccHTJR1p.s:54     .text.config_pin:00000000 $t
E:\msys32\tmp\ccHTJR1p.s:61     .text.config_pin:00000000 config_pin
E:\msys32\tmp\ccHTJR1p.s:122    .text.config_pin:00000038 $d
E:\msys32\tmp\ccHTJR1p.s:128    .text.init_interrupt:00000000 $t
E:\msys32\tmp\ccHTJR1p.s:135    .text.init_interrupt:00000000 init_interrupt
E:\msys32\tmp\ccHTJR1p.s:161    .text.main:00000000 $t
E:\msys32\tmp\ccHTJR1p.s:168    .text.main:00000000 main

UNDEFINED SYMBOLS
init_pin
mNVIC_SetPriority
mNVIC_EnableIRQ
system_init
systick_init
mTIM_Base_SetConfig
input_capture_config
tim_start
